<?xml version="1.0" encoding="utf-8"?><testsuites name="pytest tests"><testsuite name="pytest" errors="0" failures="92" skipped="70" tests="1774" time="15.509" timestamp="2025-11-27T18:24:38.190967+00:00" hostname="runsc"><properties>
[...]
</properties><testcase classname="" name="tests.unit.test_error_handling" time="0.000"><skipped message="collection skipped">('/home/user/GIFT/tests/unit/test_error_handling.py', 13, 'Skipped: PyTorch required for G2 geometry tests')</skipped></testcase><testcase classname="dev.v2.2.tests.regression.test_v22_observables.TestV22ExactFormulas" name="test_sin2_theta_W_exact" time="0.001" /><testcase classname="dev.v2.2.tests.regression.test_v22_observables.TestV22ExactFormulas" name="test_kappa_T_exact" time="0.001" /><testcase classname="dev.v2.2.tests.regression.test_v22_observables.TestV22ExactFormulas" name="test_tau_exact" time="0.001" /><testcase classname="dev.v2.2.tests.regression.test_v22_observables.TestV22ExactFormulas" name="test_alpha_s_geometric_origin" time="0.001" /><testcase classname="dev.v2.2.tests.regression.test_v22_observables.TestV22ExactFormulas" name="test_lambda_H_geometric_origin" time="0.001" /><testcase classname="dev.v2.2.tests.regression.test_v22_observables.TestV22PrimeFactorizations" name="test_tau_numerator_factorization" time="0.001" /><testcase classname="dev.v2.2.tests.regression.test_v22_observables.TestV22PrimeFactorizations" name="test_tau_denominator_factorization" time="0.001" /><testcase classname="dev.v2.2.tests.regression.test_v22_observables.TestV22PrimeFactorizations" name="test_61_properties" time="0.001" /><testcase classname="dev.v2.2.tests.regression.test_v22_observables.TestV22PrimeFactorizations" name="test_221_structure" time="0.001" /><testcase classname="dev.v2.2.tests.regression.test_v22_observables.TestV22ProvenRelations" name="test_1_N_gen_exact" time="0.001" /><testcase classname="dev.v2.2.tests.regression.test_v22_observables.TestV22ProvenRelations" name="test_2_Q_Koide_exact" time="0.001" /><testcase classname="dev.v2.2.tests.regression.test_v22_observables.TestV22ProvenRelations" name="test_3_m_s_m_d_exact" time="0.001" /><testcase classname="dev.v2.2.tests.regression.test_v22_observables.TestV22ProvenRelations" name="test_4_delta_CP_exact" time="0.001" /><testcase classname="dev.v2.2.tests.regression.test_v22_observables.TestV22ProvenRelations" name="test_5_m_tau_m_e_exact" time="0.001" /><testcase classname="dev.v2.2.tests.regression.test_v22_observables.TestV22ProvenRelations" name="test_6_Omega_DE_exact" time="0.001" /><testcase classname="dev.v2.2.tests.regression.test_v22_observables.TestV22ProvenRelations" name="test_7_n_s_exact" time="0.736" /><testcase classname="dev.v2.2.tests.regression.test_v22_observables.TestV22ProvenRelations" name="test_8_xi_exact" time="0.001" /><testcase classname="dev.v2.2.tests.regression.test_v22_observables.TestV22ProvenRelations" name="test_9_lambda_H_exact" time="0.001" /><testcase classname="dev.v2.2.tests.regression.test_v22_observables.TestV22ProvenRelations" name="test_10_sin2_theta_W_exact" time="0.001" /><testcase classname="dev.v2.2.tests.regression.test_v22_observables.TestV22ProvenRelations" name="test_11_tau_exact" time="0.001" /><testcase classname="dev.v2.2.tests.regression.test_v22_observables.TestV22ProvenRelations" name="test_12_b3_relation" time="0.001" /><testcase classname="dev.v2.2.tests.regression.test_v22_observables.TestV22StatusClassification" name="test_proven_count" time="0.001" /><testcase classname="dev.v2.2.tests.regression.test_v22_observables.TestV22StatusClassification" name="test_no_phenomenological" time="0.001" /><testcase classname="dev.v2.2.tests.regression.test_v22_observables.TestV22StatusClassification" name="test_sin2_theta_W_promoted" time="0.001" /><testcase classname="dev.v2.2.tests.regression.test_v22_observables.TestV22StatusClassification" name="test_kappa_T_promoted" time="0.001" /><testcase classname="dev.v2.2.tests.regression.test_v22_observables.TestV22StatusClassification" name="test_tau_promoted" time="0.001" /><testcase classname="dev.v2.2.tests.regression.test_v22_observables.TestV22Precision" name="test_mean_deviation_improved" time="0.001" /><testcase classname="dev.v2.2.tests.regression.test_v22_observables.TestV22Precision" name="test_best_predictions_exact" time="0.001" /><testcase classname="dev.v2.2.tests.regression.test_v22_observables.TestV22Precision" name="test_sin2_theta_W_deviation" time="0.001" /><testcase classname="dev.v2.2.tests.regression.test_v22_observables.TestV22Precision" name="test_kappa_T_deviation" time="0.001" /><testcase classname="dev.v2.2.tests.regression.test_v22_observables.TestNumericalStability" name="test_exact_rationals_reproducible" time="0.001" /><testcase classname="dev.v2.2.tests.regression.test_v22_observables.TestNumericalStability" name="test_float_precision_adequate" time="0.001" /><testcase classname="dev.v2.2.tests.regression.test_v22_observables.TestNumericalStability" name="test_no_overflow_in_calculations" time="0.001" /><testcase classname="dev.v2.2.tests.regression.test_v22_observables.TestCrossSectorConsistency" name="test_61_connects_torsion_and_lepton" time="0.001" /><testcase classname="dev.v2.2.tests.regression.test_v22_observables.TestCrossSectorConsistency" name="test_221_connects_gauge_and_higgs" time="0.001" /><testcase classname="dev.v2.2.tests.regression.test_v22_observables.TestCrossSectorConsistency" name="test_framework_constants_consistent" time="0.001" /><testcase classname="dev.v2.2.tests.regression.test_v22_observables.TestDESICompatibility" name="test_kappa_T_within_DESI_bounds" time="0.001" /><testcase classname="dev.v2.2.tests.regression.test_v22_observables.TestV21ToV22Regression" name="test_proven_relations_unchanged" time="0.001" /><testcase classname="dev.v2.2.tests.regression.test_v22_observables.TestV21ToV22Regression" name="test_topological_constants_unchanged" time="0.001" /><testcase classname="dev.v2.2.tests.regression.test_v22_observables.TestV21ToV22Regression" name="test_precision_not_degraded" time="0.001" /><testcase classname="dev.v2.2.tests.regression.test_v22_observables.TestFibonacciLucasPatterns" name="test_fibonacci_encoding" time="0.001" /><testcase classname="dev.v2.2.tests.regression.test_v22_observables.TestFibonacciLucasPatterns" name="test_lucas_encoding" time="0.001" /><testcase classname="dev.v2.2.tests.regression.test_v22_observables.TestMersennePrimePatterns" name="test_mersenne_primes_appear" time="0.001" /><testcase classname="giftpy.giftpy_tests.test_constants.TestTopologicalConstants" name="test_primary_parameters" time="0.003" /><testcase classname="giftpy.giftpy_tests.test_constants.TestTopologicalConstants" name="test_dimensions" time="0.001" /><testcase classname="giftpy.giftpy_tests.test_constants.TestTopologicalConstants" name="test_betti_numbers" time="0.001" /><testcase classname="giftpy.giftpy_tests.test_constants.TestTopologicalConstants" name="test_betti_constraint" time="0.001" /><testcase classname="giftpy.giftpy_tests.test_constants.TestTopologicalConstants" name="test_total_cohomology" time="0.001" /><testcase classname="giftpy.giftpy_tests.test_constants.TestTopologicalConstants" name="test_euler_characteristic" time="0.001" /><testcase classname="giftpy.giftpy_tests.test_constants.TestTopologicalConstants" name="test_poincare_duality" time="0.001" /><testcase classname="giftpy.giftpy_tests.test_constants.TestTopologicalConstants" name="test_mathematical_constants" time="0.001" /><testcase classname="giftpy.giftpy_tests.test_constants.TestTopologicalConstants" name="test_gift_parameters" time="0.001"><failure message="assert 0.11997180897145143 &lt; 1e-10&#10; +  where 0.11997180897145143 = abs((0.39269908169872414 - 0.2727272727272727))&#10; +    where 0.39269908169872414 = TopologicalConstants(p2=2, rank_E8=8, Weyl_factor=5).beta0">giftpy/giftpy_tests/test_constants.py:82: in test_gift_parameters
    assert abs(CONSTANTS.beta0 - expected_beta0) &lt; 1e-10
E   assert 0.11997180897145143 &lt; 1e-10
E    +  where 0.11997180897145143 = abs((0.39269908169872414 - 0.2727272727272727))
E    +    where 0.39269908169872414 = TopologicalConstants(p2=2, rank_E8=8, Weyl_factor=5).beta0</failure></testcase><testcase classname="giftpy.giftpy_tests.test_constants.TestTopologicalConstants" name="test_tau_parameter" time="0.001" /><testcase classname="giftpy.giftpy_tests.test_constants.TestTopologicalConstants" name="test_delta_parameter" time="0.001" /><testcase classname="giftpy.giftpy_tests.test_constants.TestTopologicalConstants" name="test_verify_constraints" time="0.001" /><testcase classname="giftpy.giftpy_tests.test_constants.TestTopologicalConstants" name="test_custom_constants" time="0.001" /><testcase classname="giftpy.giftpy_tests.test_constants.TestTopologicalConstants" name="test_immutability" time="0.001" /><testcase classname="giftpy.giftpy_tests.test_constants.TestTopologicalConstants" name="test_summary" time="0.001" /><testcase classname="giftpy.giftpy_tests.test_framework.TestGIFTFramework" name="test_initialization" time="0.001" /><testcase classname="giftpy.giftpy_tests.test_framework.TestGIFTFramework" name="test_gauge_sector_access" time="0.014" /><testcase classname="giftpy.giftpy_tests.test_framework.TestGIFTFramework" name="test_lepton_sector_access" time="0.001" /><testcase classname="giftpy.giftpy_tests.test_framework.TestGIFTFramework" name="test_neutrino_sector_access" time="0.001" /><testcase classname="giftpy.giftpy_tests.test_framework.TestGIFTFramework" name="test_quark_sector_access" time="0.001" /><testcase classname="giftpy.giftpy_tests.test_framework.TestGIFTFramework" name="test_cosmology_sector_access" time="0.001" /><testcase classname="giftpy.giftpy_tests.test_framework.TestGIFTFramework" name="test_compute_all" time="0.003" /><testcase classname="giftpy.giftpy_tests.test_framework.TestGIFTFramework" name="test_validation" time="0.007" /><testcase classname="giftpy.giftpy_tests.test_framework.TestGIFTFramework" name="test_export_csv" time="0.020" /><testcase classname="giftpy.giftpy_tests.test_framework.TestGIFTFramework" name="test_export_json" time="0.004" /><testcase classname="giftpy.giftpy_tests.test_framework.TestGIFTFramework" name="test_compare_instances" time="0.004" /><testcase classname="giftpy.giftpy_tests.test_framework.TestGIFTFramework" name="test_cache_clearing" time="0.003" /><testcase classname="giftpy.giftpy_tests.test_framework.TestGIFTFramework" name="test_info" time="0.001" /><testcase classname="giftpy.giftpy_tests.test_framework.TestGIFTFramework" name="test_repr" time="0.001" /><testcase classname="giftpy.giftpy_tests.test_framework.TestGIFTFramework" name="test_version" time="0.001" /><testcase classname="giftpy.giftpy_tests.test_framework" name="test_reproducibility" time="0.004" /><testcase classname="giftpy.giftpy_tests.test_observables.TestGaugeSector" name="test_alpha_s" time="0.001" /><testcase classname="giftpy.giftpy_tests.test_observables.TestGaugeSector" name="test_sin2theta_W" time="0.001" /><testcase classname="giftpy.giftpy_tests.test_observables.TestGaugeSector" name="test_alpha_inv" time="0.001" /><testcase classname="giftpy.giftpy_tests.test_observables.TestGaugeSector" name="test_gauge_compute_all" time="0.001" /><testcase classname="giftpy.giftpy_tests.test_observables.TestLeptonSector" name="test_m_mu_m_e" time="0.001"><failure message="assert np.float64(0.1178004858496235) &lt; 0.01">giftpy/giftpy_tests/test_observables.py:85: in test_m_mu_m_e
    assert deviation &lt; 0.01  # Exceptional precision!
    ^^^^^^^^^^^^^^^^^^^^^^^
E   assert np.float64(0.1178004858496235) &lt; 0.01</failure></testcase><testcase classname="giftpy.giftpy_tests.test_observables.TestLeptonSector" name="test_m_tau_m_mu" time="0.001" /><testcase classname="giftpy.giftpy_tests.test_observables.TestLeptonSector" name="test_m_tau_m_e_exact" time="0.001"><failure message="assert 3547 == 3477">giftpy/giftpy_tests/test_observables.py:107: in test_m_tau_m_e_exact
    assert ratio == 3477
E   assert 3547 == 3477</failure></testcase><testcase classname="giftpy.giftpy_tests.test_observables.TestLeptonSector" name="test_Q_Koide_exact" time="0.001" /><testcase classname="giftpy.giftpy_tests.test_observables.TestLeptonSector" name="test_koide_formula_verification" time="0.001" /><testcase classname="giftpy.giftpy_tests.test_observables.TestNeutrinoSector" name="test_theta_12" time="0.001" /><testcase classname="giftpy.giftpy_tests.test_observables.TestNeutrinoSector" name="test_delta_CP" time="0.001" /><testcase classname="giftpy.giftpy_tests.test_observables.TestQuarkSector" name="test_m_s_m_d_exact" time="0.001" /><testcase classname="giftpy.giftpy_tests.test_observables.TestQuarkSector" name="test_V_us" time="0.001" /><testcase classname="giftpy.giftpy_tests.test_observables.TestCosmologySector" name="test_Omega_DE" time="0.001" /><testcase classname="giftpy.giftpy_tests.test_observables.TestCosmologySector" name="test_n_s" time="0.001" /><testcase classname="giftpy.giftpy_tests.test_observables" name="test_all_deviations_under_1_percent" time="0.002"><failure message="AssertionError: Max deviation 99.382% exceeds 1%!&#10;assert np.float64(99.38189723582609) &lt; 1.0">giftpy/giftpy_tests/test_observables.py:235: in test_all_deviations_under_1_percent
    assert max_deviation &lt; 1.0, f"Max deviation {max_deviation:.3f}% exceeds 1%!"
E   AssertionError: Max deviation 99.382% exceeds 1%!
E   assert np.float64(99.38189723582609) &lt; 1.0</failure></testcase><testcase classname="tests.documentation.test_docstring_validation.TestDocstringPresence" name="test_framework_class_has_docstring" time="0.001" /><testcase classname="tests.documentation.test_docstring_validation.TestDocstringPresence" name="test_parameters_class_has_docstring" time="0.001" /><testcase classname="tests.documentation.test_docstring_validation.TestDocstringPresence" name="test_public_methods_have_docstrings" time="0.001" /><testcase classname="tests.documentation.test_docstring_validation.TestDocstringFormat" name="test_docstring_describes_parameters" time="0.001" /><testcase classname="tests.documentation.test_docstring_validation.TestDocstringFormat" name="test_docstring_describes_returns" time="0.001" /><testcase classname="tests.documentation.test_docstring_validation.TestExampleCodeValidation" name="test_basic_usage_example" time="0.001" /><testcase classname="tests.documentation.test_docstring_validation.TestExampleCodeValidation" name="test_custom_parameters_example" time="0.001" /><testcase classname="tests.documentation.test_docstring_validation.TestExampleCodeValidation" name="test_accessing_specific_observable_example" time="0.001" /><testcase classname="tests.documentation.test_docstring_validation.TestDocumentationCompleteness" name="test_all_observables_documented" time="0.001" /><testcase classname="tests.documentation.test_docstring_validation.TestDocumentationCompleteness" name="test_parameter_descriptions_complete" time="0.001" /><testcase classname="tests.documentation.test_docstring_validation.TestAPIConsistency" name="test_method_naming_conventions" time="0.001" /><testcase classname="tests.documentation.test_docstring_validation.TestAPIConsistency" name="test_compute_methods_return_dict" time="0.002" /><testcase classname="tests.documentation.test_docstring_validation.TestAPIConsistency" name="test_observable_names_consistent" time="0.001" /><testcase classname="tests.documentation.test_docstring_validation.TestCodeExamples" name="test_readme_example_1" time="0.001" /><testcase classname="tests.documentation.test_docstring_validation.TestCodeExamples" name="test_readme_example_2" time="0.001" /><testcase classname="tests.documentation.test_docstring_validation.TestErrorMessageQuality" name="test_invalid_parameter_error_message" time="0.001" /><testcase classname="tests.documentation.test_docstring_validation.TestImportStructure" name="test_main_classes_importable" time="0.001" /><testcase classname="tests.documentation.test_docstring_validation.TestImportStructure" name="test_module_has_version" time="0.001" /><testcase classname="tests.documentation.test_docstring_validation.TestTypeHints" name="test_framework_methods_have_type_hints" time="0.001" /><testcase classname="tests.documentation.test_docstring_validation.TestDocumentationLinks" name="test_docstring_references_valid" time="0.001" /><testcase classname="tests.documentation.test_docstring_validation.TestExampleCompleteness" name="test_default_usage_example_exists" time="0.001" /><testcase classname="tests.documentation.test_docstring_validation.TestExampleCompleteness" name="test_custom_parameters_example_exists" time="0.001" /><testcase classname="tests.documentation.test_docstring_validation.TestExampleCompleteness" name="test_accessing_results_example_exists" time="0.001" /><testcase classname="tests.documentation.test_docstring_validation.TestDocumentationMetadata" name="test_module_has_author" time="0.001" /><testcase classname="tests.documentation.test_docstring_validation.TestDocumentationMetadata" name="test_classes_have_version_info" time="0.001" /><testcase classname="tests.integration.test_cross_version_compatibility.TestObservableNameCompatibility" name="test_v20_has_core_observables" time="0.009"><skipped type="pytest.skip" message="GIFTFrameworkStatistical not available">/home/user/GIFT/tests/integration/test_cross_version_compatibility.py:79: GIFTFrameworkStatistical not available</skipped></testcase><testcase classname="tests.integration.test_cross_version_compatibility.TestObservableNameCompatibility" name="test_v21_has_core_observables" time="0.001" /><testcase classname="tests.integration.test_cross_version_compatibility.TestObservableNameCompatibility" name="test_common_observable_names" time="0.006"><skipped type="pytest.skip" message="GIFTFrameworkStatistical not available">/home/user/GIFT/tests/integration/test_cross_version_compatibility.py:104: GIFTFrameworkStatistical not available</skipped></testcase><testcase classname="tests.integration.test_cross_version_compatibility.TestObservableValueCompatibility" name="test_topological_observables_match" time="0.006"><skipped type="pytest.skip" message="GIFTFrameworkStatistical not available">/home/user/GIFT/tests/integration/test_cross_version_compatibility.py:137: GIFTFrameworkStatistical not available</skipped></testcase><testcase classname="tests.integration.test_cross_version_compatibility.TestObservableValueCompatibility" name="test_gauge_couplings_compatible" time="0.006"><skipped type="pytest.skip" message="GIFTFrameworkStatistical not available">/home/user/GIFT/tests/integration/test_cross_version_compatibility.py:154: GIFTFrameworkStatistical not available</skipped></testcase><testcase classname="tests.integration.test_cross_version_compatibility.TestParameterCompatibility" name="test_default_p2_matches" time="0.006"><skipped type="pytest.skip" message="GIFTFrameworkStatistical not available">/home/user/GIFT/tests/integration/test_cross_version_compatibility.py:178: GIFTFrameworkStatistical not available</skipped></testcase><testcase classname="tests.integration.test_cross_version_compatibility.TestParameterCompatibility" name="test_default_Weyl_factor_matches" time="0.007"><skipped type="pytest.skip" message="GIFTFrameworkStatistical not available">/home/user/GIFT/tests/integration/test_cross_version_compatibility.py:185: GIFTFrameworkStatistical not available</skipped></testcase><testcase classname="tests.integration.test_cross_version_compatibility.TestParameterCompatibility" name="test_topological_integers_match" time="0.006"><skipped type="pytest.skip" message="GIFTFrameworkStatistical not available">/home/user/GIFT/tests/integration/test_cross_version_compatibility.py:192: GIFTFrameworkStatistical not available</skipped></testcase><testcase classname="tests.integration.test_cross_version_compatibility.TestMigrationPath" name="test_v20_results_reproducible_in_v21" time="0.006"><skipped type="pytest.skip" message="GIFTFrameworkStatistical not available">/home/user/GIFT/tests/integration/test_cross_version_compatibility.py:219: GIFTFrameworkStatistical not available</skipped></testcase><testcase classname="tests.integration.test_cross_version_compatibility.TestAPICompatibility" name="test_compute_method_exists_v20" time="0.006"><skipped type="pytest.skip" message="GIFTFrameworkStatistical not available">/home/user/GIFT/tests/integration/test_cross_version_compatibility.py:259: GIFTFrameworkStatistical not available</skipped></testcase><testcase classname="tests.integration.test_cross_version_compatibility.TestAPICompatibility" name="test_compute_method_exists_v21" time="0.001" /><testcase classname="tests.integration.test_cross_version_compatibility.TestAPICompatibility" name="test_compute_returns_dict_v20" time="0.006"><skipped type="pytest.skip" message="GIFTFrameworkStatistical not available">/home/user/GIFT/tests/integration/test_cross_version_compatibility.py:269: GIFTFrameworkStatistical not available</skipped></testcase><testcase classname="tests.integration.test_cross_version_compatibility.TestAPICompatibility" name="test_compute_returns_dict_v21" time="0.001" /><testcase classname="tests.integration.test_cross_version_compatibility.TestGiftpyCompatibility" name="test_giftpy_vs_v20_Q_Koide" time="0.006"><skipped type="pytest.skip" message="GIFTFrameworkStatistical not available">/home/user/GIFT/tests/integration/test_cross_version_compatibility.py:287: GIFTFrameworkStatistical not available</skipped></testcase><testcase classname="tests.integration.test_cross_version_compatibility.TestGiftpyCompatibility" name="test_giftpy_vs_v21_Q_Koide" time="0.001" /><testcase classname="tests.integration.test_cross_version_compatibility.TestGiftpyCompatibility" name="test_giftpy_topological_constants_consistent" time="0.001" /><testcase classname="tests.integration.test_cross_version_compatibility.TestOutputFormatCompatibility" name="test_v20_output_values_numeric" time="0.006"><skipped type="pytest.skip" message="GIFTFrameworkStatistical not available">/home/user/GIFT/tests/integration/test_cross_version_compatibility.py:322: GIFTFrameworkStatistical not available</skipped></testcase><testcase classname="tests.integration.test_cross_version_compatibility.TestOutputFormatCompatibility" name="test_v21_output_values_numeric" time="0.001" /><testcase classname="tests.integration.test_cross_version_compatibility.TestBackwardCompatibility" name="test_v20_interface_still_works" time="0.006"><skipped type="pytest.skip" message="GIFTFrameworkStatistical not available">/home/user/GIFT/tests/integration/test_cross_version_compatibility.py:344: GIFTFrameworkStatistical not available</skipped></testcase><testcase classname="tests.integration.test_cross_version_compatibility.TestBackwardCompatibility" name="test_can_use_v20_parameters_in_v21" time="0.001" /><testcase classname="tests.integration.test_publication_code_consistency.TestTopologicalConstantsConsistency" name="test_topological_constant_matches_docs[b2_K7-spec0]" time="0.001" /><testcase classname="tests.integration.test_publication_code_consistency.TestTopologicalConstantsConsistency" name="test_topological_constant_matches_docs[b3_K7-spec1]" time="0.001" /><testcase classname="tests.integration.test_publication_code_consistency.TestTopologicalConstantsConsistency" name="test_topological_constant_matches_docs[H_star-spec2]" time="0.001" /><testcase classname="tests.integration.test_publication_code_consistency.TestTopologicalConstantsConsistency" name="test_topological_constant_matches_docs[dim_E8-spec3]" time="0.001" /><testcase classname="tests.integration.test_publication_code_consistency.TestTopologicalConstantsConsistency" name="test_topological_constant_matches_docs[dim_G2-spec4]" time="0.001" /><testcase classname="tests.integration.test_publication_code_consistency.TestTopologicalConstantsConsistency" name="test_topological_constant_matches_docs[dim_K7-spec5]" time="0.001" /><testcase classname="tests.integration.test_publication_code_consistency.TestTopologicalConstantsConsistency" name="test_topological_constant_matches_docs[N_gen-spec6]" time="0.001" /><testcase classname="tests.integration.test_publication_code_consistency.TestProvenRelationsConsistency" name="test_Q_Koide_matches_docs" time="0.001" /><testcase classname="tests.integration.test_publication_code_consistency.TestProvenRelationsConsistency" name="test_m_tau_m_e_matches_docs" time="0.001"><failure message="AssertionError: m_tau_m_e: code=3547, docs=3477&#10;assert 3547 == 3477">tests/integration/test_publication_code_consistency.py:242: in test_m_tau_m_e_matches_docs
    assert code_value == spec['value'], \
E   AssertionError: m_tau_m_e: code=3547, docs=3477
E   assert 3547 == 3477</failure></testcase><testcase classname="tests.integration.test_publication_code_consistency.TestProvenRelationsConsistency" name="test_m_s_m_d_matches_docs" time="0.001" /><testcase classname="tests.integration.test_publication_code_consistency.TestProvenRelationsConsistency" name="test_alpha_s_matches_docs" time="0.001" /><testcase classname="tests.integration.test_publication_code_consistency.TestProvenRelationsConsistency" name="test_lambda_H_matches_docs" time="0.001" /><testcase classname="tests.integration.test_publication_code_consistency.TestProvenRelationsConsistency" name="test_Omega_DE_matches_docs" time="0.001" /><testcase classname="tests.integration.test_publication_code_consistency.TestFormulaImplementations" name="test_beta0_formula" time="0.001"><failure message="assert np.False_&#10; +  where np.False_ = &lt;function isclose at 0x7ebbe4fcc870&gt;(0.39269908169872414, 0.2727272727272727, rtol=1e-14)&#10; +    where &lt;function isclose at 0x7ebbe4fcc870&gt; = np.isclose&#10; +    and   0.39269908169872414 = TopologicalConstants(p2=2, rank_E8=8, Weyl_factor=5).beta0">tests/integration/test_publication_code_consistency.py:290: in test_beta0_formula
    assert np.isclose(giftpy_constants.beta0, expected, rtol=1e-14)
E   assert np.False_
E    +  where np.False_ = &lt;function isclose at 0x7ebbe4fcc870&gt;(0.39269908169872414, 0.2727272727272727, rtol=1e-14)
E    +    where &lt;function isclose at 0x7ebbe4fcc870&gt; = np.isclose
E    +    and   0.39269908169872414 = TopologicalConstants(p2=2, rank_E8=8, Weyl_factor=5).beta0</failure></testcase><testcase classname="tests.integration.test_publication_code_consistency.TestFormulaImplementations" name="test_xi_formula" time="0.001" /><testcase classname="tests.integration.test_publication_code_consistency.TestFormulaImplementations" name="test_H_star_formula" time="0.002"><failure message="assert 99 == 198&#10; +  where 99 = TopologicalConstants(p2=2, rank_E8=8, Weyl_factor=5).H_star">tests/integration/test_publication_code_consistency.py:303: in test_H_star_formula
    assert giftpy_constants.H_star == expected
E   assert 99 == 198
E    +  where 99 = TopologicalConstants(p2=2, rank_E8=8, Weyl_factor=5).H_star</failure></testcase><testcase classname="tests.integration.test_publication_code_consistency.TestFormulaImplementations" name="test_Q_Koide_formula" time="0.001" /><testcase classname="tests.integration.test_publication_code_consistency.TestFormulaImplementations" name="test_m_tau_m_e_formula" time="0.001" /><testcase classname="tests.integration.test_publication_code_consistency.TestExperimentalValuesConsistency" name="test_experimental_value_documented[alpha_inv_MZ-exp_data0]" time="0.001" /><testcase classname="tests.integration.test_publication_code_consistency.TestExperimentalValuesConsistency" name="test_experimental_value_documented[alpha_s_MZ-exp_data1]" time="0.001" /><testcase classname="tests.integration.test_publication_code_consistency.TestExperimentalValuesConsistency" name="test_experimental_value_documented[sin2thetaW-exp_data2]" time="0.001" /><testcase classname="tests.integration.test_publication_code_consistency.TestExperimentalValuesConsistency" name="test_experimental_value_documented[Q_Koide-exp_data3]" time="0.001" /><testcase classname="tests.integration.test_publication_code_consistency.TestExperimentalValuesConsistency" name="test_experimental_value_documented[m_mu_m_e-exp_data4]" time="0.001" /><testcase classname="tests.integration.test_publication_code_consistency.TestExperimentalValuesConsistency" name="test_experimental_value_documented[m_tau_m_e-exp_data5]" time="0.001" /><testcase classname="tests.integration.test_publication_code_consistency.TestExperimentalValuesConsistency" name="test_experimental_value_documented[delta_CP-exp_data6]" time="0.001" /><testcase classname="tests.integration.test_publication_code_consistency.TestExperimentalValuesConsistency" name="test_experimental_value_documented[Omega_DE-exp_data7]" time="0.001" /><testcase classname="tests.integration.test_publication_code_consistency.TestStatusClassifications" name="test_proven_observables_are_exact" time="0.001"><failure message="assert 3547 == 3477">tests/integration/test_publication_code_consistency.py:368: in test_proven_observables_are_exact
    assert ratio == 3477
E   assert 3547 == 3477</failure></testcase><testcase classname="tests.integration.test_publication_code_consistency.TestDocumentationFiles" name="test_documentation_file_exists[publications/v2.1/gift_main.md]" time="0.001"><skipped type="pytest.skip" message="Documentation file not found: publications/v2.1/gift_main.md">/home/user/GIFT/tests/integration/test_publication_code_consistency.py:394: Documentation file not found: publications/v2.1/gift_main.md</skipped></testcase><testcase classname="tests.integration.test_publication_code_consistency.TestDocumentationFiles" name="test_documentation_file_exists[publications/v2.1/supplements/A_math_foundations.md]" time="0.001"><skipped type="pytest.skip" message="Documentation file not found: publications/v2.1/supplements/A_math_foundations.md">/home/user/GIFT/tests/integration/test_publication_code_consistency.py:394: Documentation file not found: publications/v2.1/supplements/A_math_foundations.md</skipped></testcase><testcase classname="tests.integration.test_publication_code_consistency.TestDocumentationFiles" name="test_documentation_file_exists[publications/v2.1/supplements/B_rigorous_proofs.md]" time="0.001"><skipped type="pytest.skip" message="Documentation file not found: publications/v2.1/supplements/B_rigorous_proofs.md">/home/user/GIFT/tests/integration/test_publication_code_consistency.py:394: Documentation file not found: publications/v2.1/supplements/B_rigorous_proofs.md</skipped></testcase><testcase classname="tests.integration.test_publication_code_consistency.TestDocumentationFiles" name="test_documentation_file_exists[publications/v2.1/supplements/C_complete_derivations.md]" time="0.001"><skipped type="pytest.skip" message="Documentation file not found: publications/v2.1/supplements/C_complete_derivations.md">/home/user/GIFT/tests/integration/test_publication_code_consistency.py:394: Documentation file not found: publications/v2.1/supplements/C_complete_derivations.md</skipped></testcase><testcase classname="tests.integration.test_publication_code_consistency.TestDocumentationFiles" name="test_gift_main_contains_constants" time="0.001"><skipped type="pytest.skip" message="gift_main.md not found">/home/user/GIFT/tests/integration/test_publication_code_consistency.py:400: gift_main.md not found</skipped></testcase><testcase classname="tests.integration.test_publication_code_consistency.TestCrossReferences" name="test_all_documented_values_computable" time="0.001" /><testcase classname="tests.integration.test_publication_code_consistency.TestPrecisionConsistency" name="test_mean_precision_claim" time="0.001" /><testcase classname="tests.notebooks.test_notebook_execution_comprehensive.TestNotebookStructure" name="test_notebook_is_valid_json[G2_ML/0.1/Complete_G\u2082_Metric_Training_v0_1.ipynb]" time="0.010" /><testcase classname="tests.notebooks.test_notebook_execution_comprehensive.TestNotebookStructure" name="test_notebook_is_valid_json[G2_ML/0.2/Complete_G\u2082_Metric_Training_v0_2.ipynb]" time="0.011" /><testcase classname="tests.notebooks.test_notebook_execution_comprehensive.TestNotebookStructure" name="test_notebook_is_valid_json[G2_ML/0.3/Complete_G2_Metric_Training_v0_3.ipynb]" time="0.004" /><testcase classname="tests.notebooks.test_notebook_execution_comprehensive.TestNotebookStructure" name="test_notebook_is_valid_json[G2_ML/0.3/Complete_G2_Metric_Training_v0_3b.ipynb]" time="0.003" /><testcase classname="tests.notebooks.test_notebook_execution_comprehensive.TestNotebookStructure" name="test_notebook_is_valid_json[G2_ML/0.3/Complete_G2_Metric_Training_v0_3c.ipynb]" time="0.003" /><testcase classname="tests.notebooks.test_notebook_execution_comprehensive.TestNotebookStructure" name="test_notebook_is_valid_json[G2_ML/0.4/Complete_G2_Metric_Training_v0_4.ipynb]" time="0.019" /><testcase classname="tests.notebooks.test_notebook_execution_comprehensive.TestNotebookStructure" name="test_notebook_is_valid_json[G2_ML/0.5/Complete_G2_Metric_Training_v0_5_GIFT_Geometry.ipynb]" time="0.003" /><testcase classname="tests.notebooks.test_notebook_execution_comprehensive.TestNotebookStructure" name="test_notebook_is_valid_json[G2_ML/0.6/Complete_G2_Metric_Training_v0_6.ipynb]" time="0.002" /><testcase classname="tests.notebooks.test_notebook_execution_comprehensive.TestNotebookStructure" name="test_notebook_is_valid_json[G2_ML/0.6b/Complete_G2_Metric_Training_v0_6b.ipynb]" time="0.002" /><testcase classname="tests.notebooks.test_notebook_execution_comprehensive.TestNotebookStructure" name="test_notebook_is_valid_json[G2_ML/0.6c/Complete_G2_Metric_Training_v0_6c.ipynb]" time="0.003" /><testcase classname="tests.notebooks.test_notebook_execution_comprehensive.TestNotebookStructure" name="test_notebook_is_valid_json[G2_ML/0.7/Complete_G2_Metric_Training_v0_7.ipynb]" time="0.002" /><testcase classname="tests.notebooks.test_notebook_execution_comprehensive.TestNotebookStructure" name="test_notebook_is_valid_json[G2_ML/0.8/Complete_G2_Metric_Training_v0_8b.ipynb]" time="0.002" /><testcase classname="tests.notebooks.test_notebook_execution_comprehensive.TestNotebookStructure" name="test_notebook_is_valid_json[G2_ML/0.9/K7_Metric_Reconstruction_Complete.ipynb]" time="0.002" /><testcase classname="tests.notebooks.test_notebook_execution_comprehensive.TestNotebookStructure" name="test_notebook_is_valid_json[G2_ML/0.9a/K7_Metric_Reconstruction_Complete.ipynb]" time="0.002" /><testcase classname="tests.notebooks.test_notebook_execution_comprehensive.TestNotebookStructure" name="test_notebook_is_valid_json[G2_ML/0.9b/K7_Metric_Reconstruction_0_9.ipynb]" time="0.003" /><testcase classname="tests.notebooks.test_notebook_execution_comprehensive.TestNotebookStructure" name="test_notebook_is_valid_json[G2_ML/1.0d/K7_G2_TCS_ExplicitMetric_v1_0d.ipynb]" time="0.002" /><testcase classname="tests.notebooks.test_notebook_execution_comprehensive.TestNotebookStructure" name="test_notebook_is_valid_json[G2_ML/1.0e/K7_G2_TCS_ExplicitMetric_v1_0e.ipynb]" time="0.001" /><testcase classname="tests.notebooks.test_notebook_execution_comprehensive.TestNotebookStructure" name="test_notebook_is_valid_json[G2_ML/1.0e/K7_G2_TCS_ExplicitMetric_v1_0e_trained.ipynb]" time="0.002" /><testcase classname="tests.notebooks.test_notebook_execution_comprehensive.TestNotebookStructure" name="test_notebook_is_valid_json[G2_ML/1.0f/K7_G2_TCS_ExplicitMetric_v1_0f.ipynb]" time="0.003" /><testcase classname="tests.notebooks.test_notebook_execution_comprehensive.TestNotebookStructure" name="test_notebook_is_valid_json[G2_ML/1_1/K7_G2_TCS_ExplicitMetric_v1_1.ipynb]" time="0.002" /><testcase classname="tests.notebooks.test_notebook_execution_comprehensive.TestNotebookStructure" name="test_notebook_is_valid_json[G2_ML/1_1a/K7_G2_TCS_ExplicitMetric_v1_1a.ipynb]" time="0.002" /><testcase classname="tests.notebooks.test_notebook_execution_comprehensive.TestNotebookStructure" name="test_notebook_is_valid_json[G2_ML/1_1b/K7_G2_TCS_RGFlow_v1_1b.ipynb]" time="0.002" /><testcase classname="tests.notebooks.test_notebook_execution_comprehensive.TestNotebookStructure" name="test_notebook_is_valid_json[G2_ML/1_1c/K7_G2_TCS_v1_1c.ipynb]" time="0.002" /><testcase classname="tests.notebooks.test_notebook_execution_comprehensive.TestNotebookStructure" name="test_notebook_is_valid_json[G2_ML/1_2/K7_G2_TCS_GIFT_Full_v1_2.ipynb]" time="0.002" /><testcase classname="tests.notebooks.test_notebook_execution_comprehensive.TestNotebookStructure" name="test_notebook_is_valid_json[G2_ML/1_2/K7_G2_TCS_GIFT_Full_v1_2a.ipynb]" time="0.002" /><testcase classname="tests.notebooks.test_notebook_execution_comprehensive.TestNotebookStructure" name="test_notebook_is_valid_json[G2_ML/1_2a/K7_G2_TCS_GIFT_Full_v1_2a.ipynb]" time="0.002" /><testcase classname="tests.notebooks.test_notebook_execution_comprehensive.TestNotebookStructure" name="test_notebook_is_valid_json[G2_ML/1_2b/K7_G2_TCS_GIFT_Full_v1_2b.ipynb]" time="0.002" /><testcase classname="tests.notebooks.test_notebook_execution_comprehensive.TestNotebookStructure" name="test_notebook_is_valid_json[G2_ML/1_2c/K7_G2_TCS_GIFT_Full_v1_2c.ipynb]" time="0.002" /><testcase classname="tests.notebooks.test_notebook_execution_comprehensive.TestNotebookStructure" name="test_notebook_is_valid_json[G2_ML/1_3/K7_GIFT_v1_3_zero_param.ipynb]" time="0.001" /><testcase classname="tests.notebooks.test_notebook_execution_comprehensive.TestNotebookStructure" name="test_notebook_is_valid_json[G2_ML/1_3/K7_GIFT_v1_3b_rigorous.ipynb]" time="0.002" /><testcase classname="tests.notebooks.test_notebook_execution_comprehensive.TestNotebookStructure" name="test_notebook_is_valid_json[G2_ML/1_3b/K7_GIFT_v1_3b_rigorous.ipynb]" time="0.002" /><testcase classname="tests.notebooks.test_notebook_execution_comprehensive.TestNotebookStructure" name="test_notebook_is_valid_json[G2_ML/1_3c/K7_GIFT_v1_3c_rigorous_full.ipynb]" time="0.002" /><testcase classname="tests.notebooks.test_notebook_execution_comprehensive.TestNotebookStructure" name="test_notebook_is_valid_json[G2_ML/1_4/K7_GIFT_v1_4_TCS_full.ipynb]" time="0.002" /><testcase classname="tests.notebooks.test_notebook_execution_comprehensive.TestNotebookStructure" name="test_notebook_is_valid_json[G2_ML/1_5/K7_GIFT_v1_5.ipynb]" time="0.002" /><testcase classname="tests.notebooks.test_notebook_execution_comprehensive.TestNotebookStructure" name="test_notebook_is_valid_json[G2_ML/1_6/K7_GIFT_v1_6.ipynb]" time="0.002" /><testcase classname="tests.notebooks.test_notebook_execution_comprehensive.TestNotebookStructure" name="test_notebook_is_valid_json[G2_ML/1_6/K7_GIFT_v1_6_analysed.ipynb]" time="0.003" /><testcase classname="tests.notebooks.test_notebook_execution_comprehensive.TestNotebookStructure" name="test_notebook_is_valid_json[G2_ML/1_7/K7_GIFT_v1_7_hybrid_analytic.ipynb]" time="0.001" /><testcase classname="tests.notebooks.test_notebook_execution_comprehensive.TestNotebookStructure" name="test_notebook_is_valid_json[G2_ML/1_7b/K7_GIFT_v1_7b_tuned.ipynb]" time="0.002" /><testcase classname="tests.notebooks.test_notebook_execution_comprehensive.TestNotebookStructure" name="test_notebook_is_valid_json[assets/visualizations/dimensional_reduction_flow.ipynb]" time="0.001" /><testcase classname="tests.notebooks.test_notebook_execution_comprehensive.TestNotebookStructure" name="test_notebook_is_valid_json[assets/visualizations/e8_root_system_3d.ipynb]" time="0.001" /><testcase classname="tests.notebooks.test_notebook_execution_comprehensive.TestNotebookStructure" name="test_notebook_is_valid_json[assets/visualizations/precision_dashboard.ipynb]" time="0.001" /><testcase classname="tests.notebooks.test_notebook_execution_comprehensive.TestNotebookStructure" name="test_notebook_has_cells[G2_ML/0.1/Complete_G\u2082_Metric_Training_v0_1.ipynb]" time="0.006" /><testcase classname="tests.notebooks.test_notebook_execution_comprehensive.TestNotebookStructure" name="test_notebook_has_cells[G2_ML/0.2/Complete_G\u2082_Metric_Training_v0_2.ipynb]" time="0.007" /><testcase classname="tests.notebooks.test_notebook_execution_comprehensive.TestNotebookStructure" name="test_notebook_has_cells[G2_ML/0.3/Complete_G2_Metric_Training_v0_3.ipynb]" time="0.003" /><testcase classname="tests.notebooks.test_notebook_execution_comprehensive.TestNotebookStructure" name="test_notebook_has_cells[G2_ML/0.3/Complete_G2_Metric_Training_v0_3b.ipynb]" time="0.003" /><testcase classname="tests.notebooks.test_notebook_execution_comprehensive.TestNotebookStructure" name="test_notebook_has_cells[G2_ML/0.3/Complete_G2_Metric_Training_v0_3c.ipynb]" time="0.003" /><testcase classname="tests.notebooks.test_notebook_execution_comprehensive.TestNotebookStructure" name="test_notebook_has_cells[G2_ML/0.4/Complete_G2_Metric_Training_v0_4.ipynb]" time="0.017" /><testcase classname="tests.notebooks.test_notebook_execution_comprehensive.TestNotebookStructure" name="test_notebook_has_cells[G2_ML/0.5/Complete_G2_Metric_Training_v0_5_GIFT_Geometry.ipynb]" time="0.003" /><testcase classname="tests.notebooks.test_notebook_execution_comprehensive.TestNotebookStructure" name="test_notebook_has_cells[G2_ML/0.6/Complete_G2_Metric_Training_v0_6.ipynb]" time="0.002" /><testcase classname="tests.notebooks.test_notebook_execution_comprehensive.TestNotebookStructure" name="test_notebook_has_cells[G2_ML/0.6b/Complete_G2_Metric_Training_v0_6b.ipynb]" time="0.002" /><testcase classname="tests.notebooks.test_notebook_execution_comprehensive.TestNotebookStructure" name="test_notebook_has_cells[G2_ML/0.6c/Complete_G2_Metric_Training_v0_6c.ipynb]" time="0.004" /><testcase classname="tests.notebooks.test_notebook_execution_comprehensive.TestNotebookStructure" name="test_notebook_has_cells[G2_ML/0.7/Complete_G2_Metric_Training_v0_7.ipynb]" time="0.002" /><testcase classname="tests.notebooks.test_notebook_execution_comprehensive.TestNotebookStructure" name="test_notebook_has_cells[G2_ML/0.8/Complete_G2_Metric_Training_v0_8b.ipynb]" time="0.002" /><testcase classname="tests.notebooks.test_notebook_execution_comprehensive.TestNotebookStructure" name="test_notebook_has_cells[G2_ML/0.9/K7_Metric_Reconstruction_Complete.ipynb]" time="0.002" /><testcase classname="tests.notebooks.test_notebook_execution_comprehensive.TestNotebookStructure" name="test_notebook_has_cells[G2_ML/0.9a/K7_Metric_Reconstruction_Complete.ipynb]" time="0.002" /><testcase classname="tests.notebooks.test_notebook_execution_comprehensive.TestNotebookStructure" name="test_notebook_has_cells[G2_ML/0.9b/K7_Metric_Reconstruction_0_9.ipynb]" time="0.003" /><testcase classname="tests.notebooks.test_notebook_execution_comprehensive.TestNotebookStructure" name="test_notebook_has_cells[G2_ML/1.0d/K7_G2_TCS_ExplicitMetric_v1_0d.ipynb]" time="0.002" /><testcase classname="tests.notebooks.test_notebook_execution_comprehensive.TestNotebookStructure" name="test_notebook_has_cells[G2_ML/1.0e/K7_G2_TCS_ExplicitMetric_v1_0e.ipynb]" time="0.001" /><testcase classname="tests.notebooks.test_notebook_execution_comprehensive.TestNotebookStructure" name="test_notebook_has_cells[G2_ML/1.0e/K7_G2_TCS_ExplicitMetric_v1_0e_trained.ipynb]" time="0.001" /><testcase classname="tests.notebooks.test_notebook_execution_comprehensive.TestNotebookStructure" name="test_notebook_has_cells[G2_ML/1.0f/K7_G2_TCS_ExplicitMetric_v1_0f.ipynb]" time="0.002" /><testcase classname="tests.notebooks.test_notebook_execution_comprehensive.TestNotebookStructure" name="test_notebook_has_cells[G2_ML/1_1/K7_G2_TCS_ExplicitMetric_v1_1.ipynb]" time="0.002" /><testcase classname="tests.notebooks.test_notebook_execution_comprehensive.TestNotebookStructure" name="test_notebook_has_cells[G2_ML/1_1a/K7_G2_TCS_ExplicitMetric_v1_1a.ipynb]" time="0.002" /><testcase classname="tests.notebooks.test_notebook_execution_comprehensive.TestNotebookStructure" name="test_notebook_has_cells[G2_ML/1_1b/K7_G2_TCS_RGFlow_v1_1b.ipynb]" time="0.002" /><testcase classname="tests.notebooks.test_notebook_execution_comprehensive.TestNotebookStructure" name="test_notebook_has_cells[G2_ML/1_1c/K7_G2_TCS_v1_1c.ipynb]" time="0.002" /><testcase classname="tests.notebooks.test_notebook_execution_comprehensive.TestNotebookStructure" name="test_notebook_has_cells[G2_ML/1_2/K7_G2_TCS_GIFT_Full_v1_2.ipynb]" time="0.002" /><testcase classname="tests.notebooks.test_notebook_execution_comprehensive.TestNotebookStructure" name="test_notebook_has_cells[G2_ML/1_2/K7_G2_TCS_GIFT_Full_v1_2a.ipynb]" time="0.001" /><testcase classname="tests.notebooks.test_notebook_execution_comprehensive.TestNotebookStructure" name="test_notebook_has_cells[G2_ML/1_2a/K7_G2_TCS_GIFT_Full_v1_2a.ipynb]" time="0.002" /><testcase classname="tests.notebooks.test_notebook_execution_comprehensive.TestNotebookStructure" name="test_notebook_has_cells[G2_ML/1_2b/K7_G2_TCS_GIFT_Full_v1_2b.ipynb]" time="0.002" /><testcase classname="tests.notebooks.test_notebook_execution_comprehensive.TestNotebookStructure" name="test_notebook_has_cells[G2_ML/1_2c/K7_G2_TCS_GIFT_Full_v1_2c.ipynb]" time="0.002" /><testcase classname="tests.notebooks.test_notebook_execution_comprehensive.TestNotebookStructure" name="test_notebook_has_cells[G2_ML/1_3/K7_GIFT_v1_3_zero_param.ipynb]" time="0.001" /><testcase classname="tests.notebooks.test_notebook_execution_comprehensive.TestNotebookStructure" name="test_notebook_has_cells[G2_ML/1_3/K7_GIFT_v1_3b_rigorous.ipynb]" time="0.001" /><testcase classname="tests.notebooks.test_notebook_execution_comprehensive.TestNotebookStructure" name="test_notebook_has_cells[G2_ML/1_3b/K7_GIFT_v1_3b_rigorous.ipynb]" time="0.002" /><testcase classname="tests.notebooks.test_notebook_execution_comprehensive.TestNotebookStructure" name="test_notebook_has_cells[G2_ML/1_3c/K7_GIFT_v1_3c_rigorous_full.ipynb]" time="0.001" /><testcase classname="tests.notebooks.test_notebook_execution_comprehensive.TestNotebookStructure" name="test_notebook_has_cells[G2_ML/1_4/K7_GIFT_v1_4_TCS_full.ipynb]" time="0.002" /><testcase classname="tests.notebooks.test_notebook_execution_comprehensive.TestNotebookStructure" name="test_notebook_has_cells[G2_ML/1_5/K7_GIFT_v1_5.ipynb]" time="0.002" /><testcase classname="tests.notebooks.test_notebook_execution_comprehensive.TestNotebookStructure" name="test_notebook_has_cells[G2_ML/1_6/K7_GIFT_v1_6.ipynb]" time="0.002" /><testcase classname="tests.notebooks.test_notebook_execution_comprehensive.TestNotebookStructure" name="test_notebook_has_cells[G2_ML/1_6/K7_GIFT_v1_6_analysed.ipynb]" time="0.003" /><testcase classname="tests.notebooks.test_notebook_execution_comprehensive.TestNotebookStructure" name="test_notebook_has_cells[G2_ML/1_7/K7_GIFT_v1_7_hybrid_analytic.ipynb]" time="0.002" /><testcase classname="tests.notebooks.test_notebook_execution_comprehensive.TestNotebookStructure" name="test_notebook_has_cells[G2_ML/1_7b/K7_GIFT_v1_7b_tuned.ipynb]" time="0.002" /><testcase classname="tests.notebooks.test_notebook_execution_comprehensive.TestNotebookStructure" name="test_notebook_has_cells[assets/visualizations/dimensional_reduction_flow.ipynb]" time="0.001" /><testcase classname="tests.notebooks.test_notebook_execution_comprehensive.TestNotebookStructure" name="test_notebook_has_cells[assets/visualizations/e8_root_system_3d.ipynb]" time="0.001" /><testcase classname="tests.notebooks.test_notebook_execution_comprehensive.TestNotebookStructure" name="test_notebook_has_cells[assets/visualizations/precision_dashboard.ipynb]" time="0.002" /><testcase classname="tests.notebooks.test_notebook_execution_comprehensive.TestNotebookStructure" name="test_notebook_has_metadata[G2_ML/0.1/Complete_G\u2082_Metric_Training_v0_1.ipynb]" time="0.007" /><testcase classname="tests.notebooks.test_notebook_execution_comprehensive.TestNotebookStructure" name="test_notebook_has_metadata[G2_ML/0.2/Complete_G\u2082_Metric_Training_v0_2.ipynb]" time="0.006" /><testcase classname="tests.notebooks.test_notebook_execution_comprehensive.TestNotebookStructure" name="test_notebook_has_metadata[G2_ML/0.3/Complete_G2_Metric_Training_v0_3.ipynb]" time="0.003" /><testcase classname="tests.notebooks.test_notebook_execution_comprehensive.TestNotebookStructure" name="test_notebook_has_metadata[G2_ML/0.3/Complete_G2_Metric_Training_v0_3b.ipynb]" time="0.004" /><testcase classname="tests.notebooks.test_notebook_execution_comprehensive.TestNotebookStructure" name="test_notebook_has_metadata[G2_ML/0.3/Complete_G2_Metric_Training_v0_3c.ipynb]" time="0.003" /><testcase classname="tests.notebooks.test_notebook_execution_comprehensive.TestNotebookStructure" name="test_notebook_has_metadata[G2_ML/0.4/Complete_G2_Metric_Training_v0_4.ipynb]" time="0.017" /><testcase classname="tests.notebooks.test_notebook_execution_comprehensive.TestNotebookStructure" name="test_notebook_has_metadata[G2_ML/0.5/Complete_G2_Metric_Training_v0_5_GIFT_Geometry.ipynb]" time="0.002" /><testcase classname="tests.notebooks.test_notebook_execution_comprehensive.TestNotebookStructure" name="test_notebook_has_metadata[G2_ML/0.6/Complete_G2_Metric_Training_v0_6.ipynb]" time="0.002" /><testcase classname="tests.notebooks.test_notebook_execution_comprehensive.TestNotebookStructure" name="test_notebook_has_metadata[G2_ML/0.6b/Complete_G2_Metric_Training_v0_6b.ipynb]" time="0.002" /><testcase classname="tests.notebooks.test_notebook_execution_comprehensive.TestNotebookStructure" name="test_notebook_has_metadata[G2_ML/0.6c/Complete_G2_Metric_Training_v0_6c.ipynb]" time="0.004" /><testcase classname="tests.notebooks.test_notebook_execution_comprehensive.TestNotebookStructure" name="test_notebook_has_metadata[G2_ML/0.7/Complete_G2_Metric_Training_v0_7.ipynb]" time="0.002" /><testcase classname="tests.notebooks.test_notebook_execution_comprehensive.TestNotebookStructure" name="test_notebook_has_metadata[G2_ML/0.8/Complete_G2_Metric_Training_v0_8b.ipynb]" time="0.002" /><testcase classname="tests.notebooks.test_notebook_execution_comprehensive.TestNotebookStructure" name="test_notebook_has_metadata[G2_ML/0.9/K7_Metric_Reconstruction_Complete.ipynb]" time="0.002" /><testcase classname="tests.notebooks.test_notebook_execution_comprehensive.TestNotebookStructure" name="test_notebook_has_metadata[G2_ML/0.9a/K7_Metric_Reconstruction_Complete.ipynb]" time="0.002" /><testcase classname="tests.notebooks.test_notebook_execution_comprehensive.TestNotebookStructure" name="test_notebook_has_metadata[G2_ML/0.9b/K7_Metric_Reconstruction_0_9.ipynb]" time="0.003" /><testcase classname="tests.notebooks.test_notebook_execution_comprehensive.TestNotebookStructure" name="test_notebook_has_metadata[G2_ML/1.0d/K7_G2_TCS_ExplicitMetric_v1_0d.ipynb]" time="0.001" /><testcase classname="tests.notebooks.test_notebook_execution_comprehensive.TestNotebookStructure" name="test_notebook_has_metadata[G2_ML/1.0e/K7_G2_TCS_ExplicitMetric_v1_0e.ipynb]" time="0.002" /><testcase classname="tests.notebooks.test_notebook_execution_comprehensive.TestNotebookStructure" name="test_notebook_has_metadata[G2_ML/1.0e/K7_G2_TCS_ExplicitMetric_v1_0e_trained.ipynb]" time="0.002" /><testcase classname="tests.notebooks.test_notebook_execution_comprehensive.TestNotebookStructure" name="test_notebook_has_metadata[G2_ML/1.0f/K7_G2_TCS_ExplicitMetric_v1_0f.ipynb]" time="0.003" /><testcase classname="tests.notebooks.test_notebook_execution_comprehensive.TestNotebookStructure" name="test_notebook_has_metadata[G2_ML/1_1/K7_G2_TCS_ExplicitMetric_v1_1.ipynb]" time="0.002" /><testcase classname="tests.notebooks.test_notebook_execution_comprehensive.TestNotebookStructure" name="test_notebook_has_metadata[G2_ML/1_1a/K7_G2_TCS_ExplicitMetric_v1_1a.ipynb]" time="0.002" /><testcase classname="tests.notebooks.test_notebook_execution_comprehensive.TestNotebookStructure" name="test_notebook_has_metadata[G2_ML/1_1b/K7_G2_TCS_RGFlow_v1_1b.ipynb]" time="0.002" /><testcase classname="tests.notebooks.test_notebook_execution_comprehensive.TestNotebookStructure" name="test_notebook_has_metadata[G2_ML/1_1c/K7_G2_TCS_v1_1c.ipynb]" time="0.002" /><testcase classname="tests.notebooks.test_notebook_execution_comprehensive.TestNotebookStructure" name="test_notebook_has_metadata[G2_ML/1_2/K7_G2_TCS_GIFT_Full_v1_2.ipynb]" time="0.002" /><testcase classname="tests.notebooks.test_notebook_execution_comprehensive.TestNotebookStructure" name="test_notebook_has_metadata[G2_ML/1_2/K7_G2_TCS_GIFT_Full_v1_2a.ipynb]" time="0.002" /><testcase classname="tests.notebooks.test_notebook_execution_comprehensive.TestNotebookStructure" name="test_notebook_has_metadata[G2_ML/1_2a/K7_G2_TCS_GIFT_Full_v1_2a.ipynb]" time="0.002" /><testcase classname="tests.notebooks.test_notebook_execution_comprehensive.TestNotebookStructure" name="test_notebook_has_metadata[G2_ML/1_2b/K7_G2_TCS_GIFT_Full_v1_2b.ipynb]" time="0.002" /><testcase classname="tests.notebooks.test_notebook_execution_comprehensive.TestNotebookStructure" name="test_notebook_has_metadata[G2_ML/1_2c/K7_G2_TCS_GIFT_Full_v1_2c.ipynb]" time="0.002" /><testcase classname="tests.notebooks.test_notebook_execution_comprehensive.TestNotebookStructure" name="test_notebook_has_metadata[G2_ML/1_3/K7_GIFT_v1_3_zero_param.ipynb]" time="0.001" /><testcase classname="tests.notebooks.test_notebook_execution_comprehensive.TestNotebookStructure" name="test_notebook_has_metadata[G2_ML/1_3/K7_GIFT_v1_3b_rigorous.ipynb]" time="0.001" /><testcase classname="tests.notebooks.test_notebook_execution_comprehensive.TestNotebookStructure" name="test_notebook_has_metadata[G2_ML/1_3b/K7_GIFT_v1_3b_rigorous.ipynb]" time="0.002" /><testcase classname="tests.notebooks.test_notebook_execution_comprehensive.TestNotebookStructure" name="test_notebook_has_metadata[G2_ML/1_3c/K7_GIFT_v1_3c_rigorous_full.ipynb]" time="0.002" /><testcase classname="tests.notebooks.test_notebook_execution_comprehensive.TestNotebookStructure" name="test_notebook_has_metadata[G2_ML/1_4/K7_GIFT_v1_4_TCS_full.ipynb]" time="0.002" /><testcase classname="tests.notebooks.test_notebook_execution_comprehensive.TestNotebookStructure" name="test_notebook_has_metadata[G2_ML/1_5/K7_GIFT_v1_5.ipynb]" time="0.002" /><testcase classname="tests.notebooks.test_notebook_execution_comprehensive.TestNotebookStructure" name="test_notebook_has_metadata[G2_ML/1_6/K7_GIFT_v1_6.ipynb]" time="0.002" /><testcase classname="tests.notebooks.test_notebook_execution_comprehensive.TestNotebookStructure" name="test_notebook_has_metadata[G2_ML/1_6/K7_GIFT_v1_6_analysed.ipynb]" time="0.003" /><testcase classname="tests.notebooks.test_notebook_execution_comprehensive.TestNotebookStructure" name="test_notebook_has_metadata[G2_ML/1_7/K7_GIFT_v1_7_hybrid_analytic.ipynb]" time="0.001" /><testcase classname="tests.notebooks.test_notebook_execution_comprehensive.TestNotebookStructure" name="test_notebook_has_metadata[G2_ML/1_7b/K7_GIFT_v1_7b_tuned.ipynb]" time="0.002" /><testcase classname="tests.notebooks.test_notebook_execution_comprehensive.TestNotebookStructure" name="test_notebook_has_metadata[assets/visualizations/dimensional_reduction_flow.ipynb]" time="0.001" /><testcase classname="tests.notebooks.test_notebook_execution_comprehensive.TestNotebookStructure" name="test_notebook_has_metadata[assets/visualizations/e8_root_system_3d.ipynb]" time="0.001" /><testcase classname="tests.notebooks.test_notebook_execution_comprehensive.TestNotebookStructure" name="test_notebook_has_metadata[assets/visualizations/precision_dashboard.ipynb]" time="0.001" /><testcase classname="tests.notebooks.test_notebook_execution_comprehensive.TestNotebookStructure" name="test_notebook_has_kernel_spec[G2_ML/0.1/Complete_G\u2082_Metric_Training_v0_1.ipynb]" time="0.007" /><testcase classname="tests.notebooks.test_notebook_execution_comprehensive.TestNotebookStructure" name="test_notebook_has_kernel_spec[G2_ML/0.2/Complete_G\u2082_Metric_Training_v0_2.ipynb]" time="0.007" /><testcase classname="tests.notebooks.test_notebook_execution_comprehensive.TestNotebookStructure" name="test_notebook_has_kernel_spec[G2_ML/0.3/Complete_G2_Metric_Training_v0_3.ipynb]" time="0.003" /><testcase classname="tests.notebooks.test_notebook_execution_comprehensive.TestNotebookStructure" name="test_notebook_has_kernel_spec[G2_ML/0.3/Complete_G2_Metric_Training_v0_3b.ipynb]" time="0.003" /><testcase classname="tests.notebooks.test_notebook_execution_comprehensive.TestNotebookStructure" name="test_notebook_has_kernel_spec[G2_ML/0.3/Complete_G2_Metric_Training_v0_3c.ipynb]" time="0.003" /><testcase classname="tests.notebooks.test_notebook_execution_comprehensive.TestNotebookStructure" name="test_notebook_has_kernel_spec[G2_ML/0.4/Complete_G2_Metric_Training_v0_4.ipynb]" time="0.017" /><testcase classname="tests.notebooks.test_notebook_execution_comprehensive.TestNotebookStructure" name="test_notebook_has_kernel_spec[G2_ML/0.5/Complete_G2_Metric_Training_v0_5_GIFT_Geometry.ipynb]" time="0.003" /><testcase classname="tests.notebooks.test_notebook_execution_comprehensive.TestNotebookStructure" name="test_notebook_has_kernel_spec[G2_ML/0.6/Complete_G2_Metric_Training_v0_6.ipynb]" time="0.002" /><testcase classname="tests.notebooks.test_notebook_execution_comprehensive.TestNotebookStructure" name="test_notebook_has_kernel_spec[G2_ML/0.6b/Complete_G2_Metric_Training_v0_6b.ipynb]" time="0.002" /><testcase classname="tests.notebooks.test_notebook_execution_comprehensive.TestNotebookStructure" name="test_notebook_has_kernel_spec[G2_ML/0.6c/Complete_G2_Metric_Training_v0_6c.ipynb]" time="0.004" /><testcase classname="tests.notebooks.test_notebook_execution_comprehensive.TestNotebookStructure" name="test_notebook_has_kernel_spec[G2_ML/0.7/Complete_G2_Metric_Training_v0_7.ipynb]" time="0.002" /><testcase classname="tests.notebooks.test_notebook_execution_comprehensive.TestNotebookStructure" name="test_notebook_has_kernel_spec[G2_ML/0.8/Complete_G2_Metric_Training_v0_8b.ipynb]" time="0.002" /><testcase classname="tests.notebooks.test_notebook_execution_comprehensive.TestNotebookStructure" name="test_notebook_has_kernel_spec[G2_ML/0.9/K7_Metric_Reconstruction_Complete.ipynb]" time="0.002" /><testcase classname="tests.notebooks.test_notebook_execution_comprehensive.TestNotebookStructure" name="test_notebook_has_kernel_spec[G2_ML/0.9a/K7_Metric_Reconstruction_Complete.ipynb]" time="0.002" /><testcase classname="tests.notebooks.test_notebook_execution_comprehensive.TestNotebookStructure" name="test_notebook_has_kernel_spec[G2_ML/0.9b/K7_Metric_Reconstruction_0_9.ipynb]" time="0.003" /><testcase classname="tests.notebooks.test_notebook_execution_comprehensive.TestNotebookStructure" name="test_notebook_has_kernel_spec[G2_ML/1.0d/K7_G2_TCS_ExplicitMetric_v1_0d.ipynb]" time="0.001" /><testcase classname="tests.notebooks.test_notebook_execution_comprehensive.TestNotebookStructure" name="test_notebook_has_kernel_spec[G2_ML/1.0e/K7_G2_TCS_ExplicitMetric_v1_0e.ipynb]" time="0.001" /><testcase classname="tests.notebooks.test_notebook_execution_comprehensive.TestNotebookStructure" name="test_notebook_has_kernel_spec[G2_ML/1.0e/K7_G2_TCS_ExplicitMetric_v1_0e_trained.ipynb]" time="0.002" /><testcase classname="tests.notebooks.test_notebook_execution_comprehensive.TestNotebookStructure" name="test_notebook_has_kernel_spec[G2_ML/1.0f/K7_G2_TCS_ExplicitMetric_v1_0f.ipynb]" time="0.003" /><testcase classname="tests.notebooks.test_notebook_execution_comprehensive.TestNotebookStructure" name="test_notebook_has_kernel_spec[G2_ML/1_1/K7_G2_TCS_ExplicitMetric_v1_1.ipynb]" time="0.002" /><testcase classname="tests.notebooks.test_notebook_execution_comprehensive.TestNotebookStructure" name="test_notebook_has_kernel_spec[G2_ML/1_1a/K7_G2_TCS_ExplicitMetric_v1_1a.ipynb]" time="0.002" /><testcase classname="tests.notebooks.test_notebook_execution_comprehensive.TestNotebookStructure" name="test_notebook_has_kernel_spec[G2_ML/1_1b/K7_G2_TCS_RGFlow_v1_1b.ipynb]" time="0.002" /><testcase classname="tests.notebooks.test_notebook_execution_comprehensive.TestNotebookStructure" name="test_notebook_has_kernel_spec[G2_ML/1_1c/K7_G2_TCS_v1_1c.ipynb]" time="0.002" /><testcase classname="tests.notebooks.test_notebook_execution_comprehensive.TestNotebookStructure" name="test_notebook_has_kernel_spec[G2_ML/1_2/K7_G2_TCS_GIFT_Full_v1_2.ipynb]" time="0.002" /><testcase classname="tests.notebooks.test_notebook_execution_comprehensive.TestNotebookStructure" name="test_notebook_has_kernel_spec[G2_ML/1_2/K7_G2_TCS_GIFT_Full_v1_2a.ipynb]" time="0.001" /><testcase classname="tests.notebooks.test_notebook_execution_comprehensive.TestNotebookStructure" name="test_notebook_has_kernel_spec[G2_ML/1_2a/K7_G2_TCS_GIFT_Full_v1_2a.ipynb]" time="0.002" /><testcase classname="tests.notebooks.test_notebook_execution_comprehensive.TestNotebookStructure" name="test_notebook_has_kernel_spec[G2_ML/1_2b/K7_G2_TCS_GIFT_Full_v1_2b.ipynb]" time="0.002" /><testcase classname="tests.notebooks.test_notebook_execution_comprehensive.TestNotebookStructure" name="test_notebook_has_kernel_spec[G2_ML/1_2c/K7_G2_TCS_GIFT_Full_v1_2c.ipynb]" time="0.002" /><testcase classname="tests.notebooks.test_notebook_execution_comprehensive.TestNotebookStructure" name="test_notebook_has_kernel_spec[G2_ML/1_3/K7_GIFT_v1_3_zero_param.ipynb]" time="0.001" /><testcase classname="tests.notebooks.test_notebook_execution_comprehensive.TestNotebookStructure" name="test_notebook_has_kernel_spec[G2_ML/1_3/K7_GIFT_v1_3b_rigorous.ipynb]" time="0.001" /><testcase classname="tests.notebooks.test_notebook_execution_comprehensive.TestNotebookStructure" name="test_notebook_has_kernel_spec[G2_ML/1_3b/K7_GIFT_v1_3b_rigorous.ipynb]" time="0.001" /><testcase classname="tests.notebooks.test_notebook_execution_comprehensive.TestNotebookStructure" name="test_notebook_has_kernel_spec[G2_ML/1_3c/K7_GIFT_v1_3c_rigorous_full.ipynb]" time="0.002" /><testcase classname="tests.notebooks.test_notebook_execution_comprehensive.TestNotebookStructure" name="test_notebook_has_kernel_spec[G2_ML/1_4/K7_GIFT_v1_4_TCS_full.ipynb]" time="0.002" /><testcase classname="tests.notebooks.test_notebook_execution_comprehensive.TestNotebookStructure" name="test_notebook_has_kernel_spec[G2_ML/1_5/K7_GIFT_v1_5.ipynb]" time="0.002" /><testcase classname="tests.notebooks.test_notebook_execution_comprehensive.TestNotebookStructure" name="test_notebook_has_kernel_spec[G2_ML/1_6/K7_GIFT_v1_6.ipynb]" time="0.002" /><testcase classname="tests.notebooks.test_notebook_execution_comprehensive.TestNotebookStructure" name="test_notebook_has_kernel_spec[G2_ML/1_6/K7_GIFT_v1_6_analysed.ipynb]" time="0.003" /><testcase classname="tests.notebooks.test_notebook_execution_comprehensive.TestNotebookStructure" name="test_notebook_has_kernel_spec[G2_ML/1_7/K7_GIFT_v1_7_hybrid_analytic.ipynb]" time="0.002" /><testcase classname="tests.notebooks.test_notebook_execution_comprehensive.TestNotebookStructure" name="test_notebook_has_kernel_spec[G2_ML/1_7b/K7_GIFT_v1_7b_tuned.ipynb]" time="0.002" /><testcase classname="tests.notebooks.test_notebook_execution_comprehensive.TestNotebookStructure" name="test_notebook_has_kernel_spec[assets/visualizations/dimensional_reduction_flow.ipynb]" time="0.001" /><testcase classname="tests.notebooks.test_notebook_execution_comprehensive.TestNotebookStructure" name="test_notebook_has_kernel_spec[assets/visualizations/e8_root_system_3d.ipynb]" time="0.001" /><testcase classname="tests.notebooks.test_notebook_execution_comprehensive.TestNotebookStructure" name="test_notebook_has_kernel_spec[assets/visualizations/precision_dashboard.ipynb]" time="0.001" /><testcase classname="tests.notebooks.test_notebook_execution_comprehensive.TestNotebookContent" name="test_publication_notebook_has_markdown_header[NOTSET]" time="0.001"><skipped type="pytest.skip" message="got empty parameter set for (notebook_path)">/home/user/GIFT/tests/notebooks/test_notebook_execution_comprehensive.py:158: got empty parameter set for (notebook_path)</skipped></testcase><testcase classname="tests.notebooks.test_notebook_execution_comprehensive.TestNotebookContent" name="test_no_empty_code_cells[G2_ML/0.1/Complete_G\u2082_Metric_Training_v0_1.ipynb]" time="0.007" /><testcase classname="tests.notebooks.test_notebook_execution_comprehensive.TestNotebookContent" name="test_no_empty_code_cells[G2_ML/0.2/Complete_G\u2082_Metric_Training_v0_2.ipynb]" time="0.007" /><testcase classname="tests.notebooks.test_notebook_execution_comprehensive.TestNotebookContent" name="test_no_empty_code_cells[G2_ML/0.3/Complete_G2_Metric_Training_v0_3.ipynb]" time="0.003" /><testcase classname="tests.notebooks.test_notebook_execution_comprehensive.TestNotebookContent" name="test_no_empty_code_cells[G2_ML/0.3/Complete_G2_Metric_Training_v0_3b.ipynb]" time="0.003" /><testcase classname="tests.notebooks.test_notebook_execution_comprehensive.TestNotebookContent" name="test_no_empty_code_cells[G2_ML/0.3/Complete_G2_Metric_Training_v0_3c.ipynb]" time="0.004" /><testcase classname="tests.notebooks.test_notebook_execution_comprehensive.TestNotebookContent" name="test_no_empty_code_cells[G2_ML/0.4/Complete_G2_Metric_Training_v0_4.ipynb]" time="0.017" /><testcase classname="tests.notebooks.test_notebook_execution_comprehensive.TestNotebookContent" name="test_no_empty_code_cells[G2_ML/0.5/Complete_G2_Metric_Training_v0_5_GIFT_Geometry.ipynb]" time="0.003" /><testcase classname="tests.notebooks.test_notebook_execution_comprehensive.TestNotebookContent" name="test_no_empty_code_cells[G2_ML/0.6/Complete_G2_Metric_Training_v0_6.ipynb]" time="0.002" /><testcase classname="tests.notebooks.test_notebook_execution_comprehensive.TestNotebookContent" name="test_no_empty_code_cells[G2_ML/0.6b/Complete_G2_Metric_Training_v0_6b.ipynb]" time="0.002" /><testcase classname="tests.notebooks.test_notebook_execution_comprehensive.TestNotebookContent" name="test_no_empty_code_cells[G2_ML/0.6c/Complete_G2_Metric_Training_v0_6c.ipynb]" time="0.004" /><testcase classname="tests.notebooks.test_notebook_execution_comprehensive.TestNotebookContent" name="test_no_empty_code_cells[G2_ML/0.7/Complete_G2_Metric_Training_v0_7.ipynb]" time="0.002" /><testcase classname="tests.notebooks.test_notebook_execution_comprehensive.TestNotebookContent" name="test_no_empty_code_cells[G2_ML/0.8/Complete_G2_Metric_Training_v0_8b.ipynb]" time="0.003" /><testcase classname="tests.notebooks.test_notebook_execution_comprehensive.TestNotebookContent" name="test_no_empty_code_cells[G2_ML/0.9/K7_Metric_Reconstruction_Complete.ipynb]" time="0.002" /><testcase classname="tests.notebooks.test_notebook_execution_comprehensive.TestNotebookContent" name="test_no_empty_code_cells[G2_ML/0.9a/K7_Metric_Reconstruction_Complete.ipynb]" time="0.002" /><testcase classname="tests.notebooks.test_notebook_execution_comprehensive.TestNotebookContent" name="test_no_empty_code_cells[G2_ML/0.9b/K7_Metric_Reconstruction_0_9.ipynb]" time="0.003" /><testcase classname="tests.notebooks.test_notebook_execution_comprehensive.TestNotebookContent" name="test_no_empty_code_cells[G2_ML/1.0d/K7_G2_TCS_ExplicitMetric_v1_0d.ipynb]" time="0.002" /><testcase classname="tests.notebooks.test_notebook_execution_comprehensive.TestNotebookContent" name="test_no_empty_code_cells[G2_ML/1.0e/K7_G2_TCS_ExplicitMetric_v1_0e.ipynb]" time="0.002" /><testcase classname="tests.notebooks.test_notebook_execution_comprehensive.TestNotebookContent" name="test_no_empty_code_cells[G2_ML/1.0e/K7_G2_TCS_ExplicitMetric_v1_0e_trained.ipynb]" time="0.002" /><testcase classname="tests.notebooks.test_notebook_execution_comprehensive.TestNotebookContent" name="test_no_empty_code_cells[G2_ML/1.0f/K7_G2_TCS_ExplicitMetric_v1_0f.ipynb]" time="0.003" /><testcase classname="tests.notebooks.test_notebook_execution_comprehensive.TestNotebookContent" name="test_no_empty_code_cells[G2_ML/1_1/K7_G2_TCS_ExplicitMetric_v1_1.ipynb]" time="0.002" /><testcase classname="tests.notebooks.test_notebook_execution_comprehensive.TestNotebookContent" name="test_no_empty_code_cells[G2_ML/1_1a/K7_G2_TCS_ExplicitMetric_v1_1a.ipynb]" time="0.002" /><testcase classname="tests.notebooks.test_notebook_execution_comprehensive.TestNotebookContent" name="test_no_empty_code_cells[G2_ML/1_1b/K7_G2_TCS_RGFlow_v1_1b.ipynb]" time="0.002" /><testcase classname="tests.notebooks.test_notebook_execution_comprehensive.TestNotebookContent" name="test_no_empty_code_cells[G2_ML/1_1c/K7_G2_TCS_v1_1c.ipynb]" time="0.002" /><testcase classname="tests.notebooks.test_notebook_execution_comprehensive.TestNotebookContent" name="test_no_empty_code_cells[G2_ML/1_2/K7_G2_TCS_GIFT_Full_v1_2.ipynb]" time="0.002" /><testcase classname="tests.notebooks.test_notebook_execution_comprehensive.TestNotebookContent" name="test_no_empty_code_cells[G2_ML/1_2/K7_G2_TCS_GIFT_Full_v1_2a.ipynb]" time="0.002" /><testcase classname="tests.notebooks.test_notebook_execution_comprehensive.TestNotebookContent" name="test_no_empty_code_cells[G2_ML/1_2a/K7_G2_TCS_GIFT_Full_v1_2a.ipynb]" time="0.002" /><testcase classname="tests.notebooks.test_notebook_execution_comprehensive.TestNotebookContent" name="test_no_empty_code_cells[G2_ML/1_2b/K7_G2_TCS_GIFT_Full_v1_2b.ipynb]" time="0.002" /><testcase classname="tests.notebooks.test_notebook_execution_comprehensive.TestNotebookContent" name="test_no_empty_code_cells[G2_ML/1_2c/K7_G2_TCS_GIFT_Full_v1_2c.ipynb]" time="0.002" /><testcase classname="tests.notebooks.test_notebook_execution_comprehensive.TestNotebookContent" name="test_no_empty_code_cells[G2_ML/1_3/K7_GIFT_v1_3_zero_param.ipynb]" time="0.001" /><testcase classname="tests.notebooks.test_notebook_execution_comprehensive.TestNotebookContent" name="test_no_empty_code_cells[G2_ML/1_3/K7_GIFT_v1_3b_rigorous.ipynb]" time="0.001" /><testcase classname="tests.notebooks.test_notebook_execution_comprehensive.TestNotebookContent" name="test_no_empty_code_cells[G2_ML/1_3b/K7_GIFT_v1_3b_rigorous.ipynb]" time="0.002" /><testcase classname="tests.notebooks.test_notebook_execution_comprehensive.TestNotebookContent" name="test_no_empty_code_cells[G2_ML/1_3c/K7_GIFT_v1_3c_rigorous_full.ipynb]" time="0.002" /><testcase classname="tests.notebooks.test_notebook_execution_comprehensive.TestNotebookContent" name="test_no_empty_code_cells[G2_ML/1_4/K7_GIFT_v1_4_TCS_full.ipynb]" time="0.002" /><testcase classname="tests.notebooks.test_notebook_execution_comprehensive.TestNotebookContent" name="test_no_empty_code_cells[G2_ML/1_5/K7_GIFT_v1_5.ipynb]" time="0.002" /><testcase classname="tests.notebooks.test_notebook_execution_comprehensive.TestNotebookContent" name="test_no_empty_code_cells[G2_ML/1_6/K7_GIFT_v1_6.ipynb]" time="0.002" /><testcase classname="tests.notebooks.test_notebook_execution_comprehensive.TestNotebookContent" name="test_no_empty_code_cells[G2_ML/1_6/K7_GIFT_v1_6_analysed.ipynb]" time="0.003" /><testcase classname="tests.notebooks.test_notebook_execution_comprehensive.TestNotebookContent" name="test_no_empty_code_cells[G2_ML/1_7/K7_GIFT_v1_7_hybrid_analytic.ipynb]" time="0.002" /><testcase classname="tests.notebooks.test_notebook_execution_comprehensive.TestNotebookContent" name="test_no_empty_code_cells[G2_ML/1_7b/K7_GIFT_v1_7b_tuned.ipynb]" time="0.003" /><testcase classname="tests.notebooks.test_notebook_execution_comprehensive.TestNotebookContent" name="test_no_empty_code_cells[assets/visualizations/dimensional_reduction_flow.ipynb]" time="0.001" /><testcase classname="tests.notebooks.test_notebook_execution_comprehensive.TestNotebookContent" name="test_no_empty_code_cells[assets/visualizations/e8_root_system_3d.ipynb]" time="0.001" /><testcase classname="tests.notebooks.test_notebook_execution_comprehensive.TestNotebookContent" name="test_no_empty_code_cells[assets/visualizations/precision_dashboard.ipynb]" time="0.001" /><testcase classname="tests.notebooks.test_notebook_execution_comprehensive.TestNotebookContent" name="test_cell_execution_count_sequential[G2_ML/0.1/Complete_G\u2082_Metric_Training_v0_1.ipynb]" time="0.007" /><testcase classname="tests.notebooks.test_notebook_execution_comprehensive.TestNotebookContent" name="test_cell_execution_count_sequential[G2_ML/0.2/Complete_G\u2082_Metric_Training_v0_2.ipynb]" time="0.007" /><testcase classname="tests.notebooks.test_notebook_execution_comprehensive.TestNotebookContent" name="test_cell_execution_count_sequential[G2_ML/0.3/Complete_G2_Metric_Training_v0_3.ipynb]" time="0.003" /><testcase classname="tests.notebooks.test_notebook_execution_comprehensive.TestNotebookContent" name="test_cell_execution_count_sequential[G2_ML/0.3/Complete_G2_Metric_Training_v0_3b.ipynb]" time="0.003" /><testcase classname="tests.notebooks.test_notebook_execution_comprehensive.TestNotebookContent" name="test_cell_execution_count_sequential[G2_ML/0.3/Complete_G2_Metric_Training_v0_3c.ipynb]" time="0.003" /><testcase classname="tests.notebooks.test_notebook_execution_comprehensive.TestNotebookContent" name="test_cell_execution_count_sequential[G2_ML/0.4/Complete_G2_Metric_Training_v0_4.ipynb]" time="0.017" /><testcase classname="tests.notebooks.test_notebook_execution_comprehensive.TestNotebookContent" name="test_cell_execution_count_sequential[G2_ML/0.5/Complete_G2_Metric_Training_v0_5_GIFT_Geometry.ipynb]" time="0.003" /><testcase classname="tests.notebooks.test_notebook_execution_comprehensive.TestNotebookContent" name="test_cell_execution_count_sequential[G2_ML/0.6/Complete_G2_Metric_Training_v0_6.ipynb]" time="0.001" /><testcase classname="tests.notebooks.test_notebook_execution_comprehensive.TestNotebookContent" name="test_cell_execution_count_sequential[G2_ML/0.6b/Complete_G2_Metric_Training_v0_6b.ipynb]" time="0.002" /><testcase classname="tests.notebooks.test_notebook_execution_comprehensive.TestNotebookContent" name="test_cell_execution_count_sequential[G2_ML/0.6c/Complete_G2_Metric_Training_v0_6c.ipynb]" time="0.006" /><testcase classname="tests.notebooks.test_notebook_execution_comprehensive.TestNotebookContent" name="test_cell_execution_count_sequential[G2_ML/0.7/Complete_G2_Metric_Training_v0_7.ipynb]" time="0.002" /><testcase classname="tests.notebooks.test_notebook_execution_comprehensive.TestNotebookContent" name="test_cell_execution_count_sequential[G2_ML/0.8/Complete_G2_Metric_Training_v0_8b.ipynb]" time="0.002" /><testcase classname="tests.notebooks.test_notebook_execution_comprehensive.TestNotebookContent" name="test_cell_execution_count_sequential[G2_ML/0.9/K7_Metric_Reconstruction_Complete.ipynb]" time="0.002" /><testcase classname="tests.notebooks.test_notebook_execution_comprehensive.TestNotebookContent" name="test_cell_execution_count_sequential[G2_ML/0.9a/K7_Metric_Reconstruction_Complete.ipynb]" time="0.002" /><testcase classname="tests.notebooks.test_notebook_execution_comprehensive.TestNotebookContent" name="test_cell_execution_count_sequential[G2_ML/0.9b/K7_Metric_Reconstruction_0_9.ipynb]" time="0.004" /><testcase classname="tests.notebooks.test_notebook_execution_comprehensive.TestNotebookContent" name="test_cell_execution_count_sequential[G2_ML/1.0d/K7_G2_TCS_ExplicitMetric_v1_0d.ipynb]" time="0.001" /><testcase classname="tests.notebooks.test_notebook_execution_comprehensive.TestNotebookContent" name="test_cell_execution_count_sequential[G2_ML/1.0e/K7_G2_TCS_ExplicitMetric_v1_0e.ipynb]" time="0.001" /><testcase classname="tests.notebooks.test_notebook_execution_comprehensive.TestNotebookContent" name="test_cell_execution_count_sequential[G2_ML/1.0e/K7_G2_TCS_ExplicitMetric_v1_0e_trained.ipynb]" time="0.002" /><testcase classname="tests.notebooks.test_notebook_execution_comprehensive.TestNotebookContent" name="test_cell_execution_count_sequential[G2_ML/1.0f/K7_G2_TCS_ExplicitMetric_v1_0f.ipynb]" time="0.003" /><testcase classname="tests.notebooks.test_notebook_execution_comprehensive.TestNotebookContent" name="test_cell_execution_count_sequential[G2_ML/1_1/K7_G2_TCS_ExplicitMetric_v1_1.ipynb]" time="0.002" /><testcase classname="tests.notebooks.test_notebook_execution_comprehensive.TestNotebookContent" name="test_cell_execution_count_sequential[G2_ML/1_1a/K7_G2_TCS_ExplicitMetric_v1_1a.ipynb]" time="0.002" /><testcase classname="tests.notebooks.test_notebook_execution_comprehensive.TestNotebookContent" name="test_cell_execution_count_sequential[G2_ML/1_1b/K7_G2_TCS_RGFlow_v1_1b.ipynb]" time="0.002" /><testcase classname="tests.notebooks.test_notebook_execution_comprehensive.TestNotebookContent" name="test_cell_execution_count_sequential[G2_ML/1_1c/K7_G2_TCS_v1_1c.ipynb]" time="0.002" /><testcase classname="tests.notebooks.test_notebook_execution_comprehensive.TestNotebookContent" name="test_cell_execution_count_sequential[G2_ML/1_2/K7_G2_TCS_GIFT_Full_v1_2.ipynb]" time="0.002" /><testcase classname="tests.notebooks.test_notebook_execution_comprehensive.TestNotebookContent" name="test_cell_execution_count_sequential[G2_ML/1_2/K7_G2_TCS_GIFT_Full_v1_2a.ipynb]" time="0.002" /><testcase classname="tests.notebooks.test_notebook_execution_comprehensive.TestNotebookContent" name="test_cell_execution_count_sequential[G2_ML/1_2a/K7_G2_TCS_GIFT_Full_v1_2a.ipynb]" time="0.002" /><testcase classname="tests.notebooks.test_notebook_execution_comprehensive.TestNotebookContent" name="test_cell_execution_count_sequential[G2_ML/1_2b/K7_G2_TCS_GIFT_Full_v1_2b.ipynb]" time="0.002" /><testcase classname="tests.notebooks.test_notebook_execution_comprehensive.TestNotebookContent" name="test_cell_execution_count_sequential[G2_ML/1_2c/K7_G2_TCS_GIFT_Full_v1_2c.ipynb]" time="0.002" /><testcase classname="tests.notebooks.test_notebook_execution_comprehensive.TestNotebookContent" name="test_cell_execution_count_sequential[G2_ML/1_3/K7_GIFT_v1_3_zero_param.ipynb]" time="0.001" /><testcase classname="tests.notebooks.test_notebook_execution_comprehensive.TestNotebookContent" name="test_cell_execution_count_sequential[G2_ML/1_3/K7_GIFT_v1_3b_rigorous.ipynb]" time="0.001" /><testcase classname="tests.notebooks.test_notebook_execution_comprehensive.TestNotebookContent" name="test_cell_execution_count_sequential[G2_ML/1_3b/K7_GIFT_v1_3b_rigorous.ipynb]" time="0.001" /><testcase classname="tests.notebooks.test_notebook_execution_comprehensive.TestNotebookContent" name="test_cell_execution_count_sequential[G2_ML/1_3c/K7_GIFT_v1_3c_rigorous_full.ipynb]" time="0.002" /><testcase classname="tests.notebooks.test_notebook_execution_comprehensive.TestNotebookContent" name="test_cell_execution_count_sequential[G2_ML/1_4/K7_GIFT_v1_4_TCS_full.ipynb]" time="0.002" /><testcase classname="tests.notebooks.test_notebook_execution_comprehensive.TestNotebookContent" name="test_cell_execution_count_sequential[G2_ML/1_5/K7_GIFT_v1_5.ipynb]" time="0.002" /><testcase classname="tests.notebooks.test_notebook_execution_comprehensive.TestNotebookContent" name="test_cell_execution_count_sequential[G2_ML/1_6/K7_GIFT_v1_6.ipynb]" time="0.002" /><testcase classname="tests.notebooks.test_notebook_execution_comprehensive.TestNotebookContent" name="test_cell_execution_count_sequential[G2_ML/1_6/K7_GIFT_v1_6_analysed.ipynb]" time="0.003" /><testcase classname="tests.notebooks.test_notebook_execution_comprehensive.TestNotebookContent" name="test_cell_execution_count_sequential[G2_ML/1_7/K7_GIFT_v1_7_hybrid_analytic.ipynb]" time="0.001" /><testcase classname="tests.notebooks.test_notebook_execution_comprehensive.TestNotebookContent" name="test_cell_execution_count_sequential[G2_ML/1_7b/K7_GIFT_v1_7b_tuned.ipynb]" time="0.002" /><testcase classname="tests.notebooks.test_notebook_execution_comprehensive.TestNotebookContent" name="test_cell_execution_count_sequential[assets/visualizations/dimensional_reduction_flow.ipynb]" time="0.001" /><testcase classname="tests.notebooks.test_notebook_execution_comprehensive.TestNotebookContent" name="test_cell_execution_count_sequential[assets/visualizations/e8_root_system_3d.ipynb]" time="0.001" /><testcase classname="tests.notebooks.test_notebook_execution_comprehensive.TestNotebookContent" name="test_cell_execution_count_sequential[assets/visualizatio
[...]
bservablesParametrized" name="test_observable_is_finite[m_t_GeV-spec45]" time="0.001" /><testcase classname="tests.unit.test_v21_all_observables.TestAllObservablesParametrized" name="test_observable_is_finite[H0-spec46]" time="0.001" /><testcase classname="tests.unit.test_v21_all_observables.TestAllObservablesParametrized" name="test_observable_not_nan[alpha_inv_MZ-spec0]" time="0.001" /><testcase classname="tests.unit.test_v21_all_observables.TestAllObservablesParametrized" name="test_observable_not_nan[sin2thetaW-spec1]" time="0.001" /><testcase classname="tests.unit.test_v21_all_observables.TestAllObservablesParametrized" name="test_observable_not_nan[alpha_s_MZ-spec2]" time="0.001" /><testcase classname="tests.unit.test_v21_all_observables.TestAllObservablesParametrized" name="test_observable_not_nan[theta12-spec3]" time="0.001" /><testcase classname="tests.unit.test_v21_all_observables.TestAllObservablesParametrized" name="test_observable_not_nan[theta13-spec4]" time="0.002" /><testcase classname="tests.unit.test_v21_all_observables.TestAllObservablesParametrized" name="test_observable_not_nan[theta23-spec5]" time="0.001" /><testcase classname="tests.unit.test_v21_all_observables.TestAllObservablesParametrized" name="test_observable_not_nan[delta_CP-spec6]" time="0.001" /><testcase classname="tests.unit.test_v21_all_observables.TestAllObservablesParametrized" name="test_observable_not_nan[Q_Koide-spec7]" time="0.001" /><testcase classname="tests.unit.test_v21_all_observables.TestAllObservablesParametrized" name="test_observable_not_nan[m_mu_m_e-spec8]" time="0.001" /><testcase classname="tests.unit.test_v21_all_observables.TestAllObservablesParametrized" name="test_observable_not_nan[m_tau_m_e-spec9]" time="0.001" /><testcase classname="tests.unit.test_v21_all_observables.TestAllObservablesParametrized" name="test_observable_not_nan[m_s_m_d-spec10]" time="0.001" /><testcase classname="tests.unit.test_v21_all_observables.TestAllObservablesParametrized" name="test_observable_not_nan[m_c_m_s-spec11]" time="0.001" /><testcase classname="tests.unit.test_v21_all_observables.TestAllObservablesParametrized" name="test_observable_not_nan[m_b_m_u-spec12]" time="0.001" /><testcase classname="tests.unit.test_v21_all_observables.TestAllObservablesParametrized" name="test_observable_not_nan[m_t_m_b-spec13]" time="0.001" /><testcase classname="tests.unit.test_v21_all_observables.TestAllObservablesParametrized" name="test_observable_not_nan[m_d_m_u-spec14]" time="0.001" /><testcase classname="tests.unit.test_v21_all_observables.TestAllObservablesParametrized" name="test_observable_not_nan[m_c_m_u-spec15]" time="0.001" /><testcase classname="tests.unit.test_v21_all_observables.TestAllObservablesParametrized" name="test_observable_not_nan[m_b_m_d-spec16]" time="0.001" /><testcase classname="tests.unit.test_v21_all_observables.TestAllObservablesParametrized" name="test_observable_not_nan[m_t_m_s-spec17]" time="0.001" /><testcase classname="tests.unit.test_v21_all_observables.TestAllObservablesParametrized" name="test_observable_not_nan[m_t_m_d-spec18]" time="0.001" /><testcase classname="tests.unit.test_v21_all_observables.TestAllObservablesParametrized" name="test_observable_not_nan[m_t_m_c-spec19]" time="0.002" /><testcase classname="tests.unit.test_v21_all_observables.TestAllObservablesParametrized" name="test_observable_not_nan[V_us-spec20]" time="0.001" /><testcase classname="tests.unit.test_v21_all_observables.TestAllObservablesParametrized" name="test_observable_not_nan[V_cb-spec21]" time="0.001" /><testcase classname="tests.unit.test_v21_all_observables.TestAllObservablesParametrized" name="test_observable_not_nan[V_ub-spec22]" time="0.001" /><testcase classname="tests.unit.test_v21_all_observables.TestAllObservablesParametrized" name="test_observable_not_nan[V_cd-spec23]" time="0.001" /><testcase classname="tests.unit.test_v21_all_observables.TestAllObservablesParametrized" name="test_observable_not_nan[V_cs-spec24]" time="0.001" /><testcase classname="tests.unit.test_v21_all_observables.TestAllObservablesParametrized" name="test_observable_not_nan[V_td-spec25]" time="0.001" /><testcase classname="tests.unit.test_v21_all_observables.TestAllObservablesParametrized" name="test_observable_not_nan[lambda_H-spec26]" time="0.001" /><testcase classname="tests.unit.test_v21_all_observables.TestAllObservablesParametrized" name="test_observable_not_nan[Omega_DE-spec27]" time="0.001" /><testcase classname="tests.unit.test_v21_all_observables.TestAllObservablesParametrized" name="test_observable_not_nan[Omega_DM-spec28]" time="0.001" /><testcase classname="tests.unit.test_v21_all_observables.TestAllObservablesParametrized" name="test_observable_not_nan[Omega_b-spec29]" time="0.001" /><testcase classname="tests.unit.test_v21_all_observables.TestAllObservablesParametrized" name="test_observable_not_nan[n_s-spec30]" time="0.001" /><testcase classname="tests.unit.test_v21_all_observables.TestAllObservablesParametrized" name="test_observable_not_nan[sigma_8-spec31]" time="0.001" /><testcase classname="tests.unit.test_v21_all_observables.TestAllObservablesParametrized" name="test_observable_not_nan[A_s-spec32]" time="0.001" /><testcase classname="tests.unit.test_v21_all_observables.TestAllObservablesParametrized" name="test_observable_not_nan[Omega_gamma-spec33]" time="0.001" /><testcase classname="tests.unit.test_v21_all_observables.TestAllObservablesParametrized" name="test_observable_not_nan[Omega_nu-spec34]" time="0.001" /><testcase classname="tests.unit.test_v21_all_observables.TestAllObservablesParametrized" name="test_observable_not_nan[Y_p-spec35]" time="0.001" /><testcase classname="tests.unit.test_v21_all_observables.TestAllObservablesParametrized" name="test_observable_not_nan[D_H-spec36]" time="0.001" /><testcase classname="tests.unit.test_v21_all_observables.TestAllObservablesParametrized" name="test_observable_not_nan[v_EW-spec37]" time="0.001" /><testcase classname="tests.unit.test_v21_all_observables.TestAllObservablesParametrized" name="test_observable_not_nan[M_W-spec38]" time="0.001" /><testcase classname="tests.unit.test_v21_all_observables.TestAllObservablesParametrized" name="test_observable_not_nan[M_Z-spec39]" time="0.001" /><testcase classname="tests.unit.test_v21_all_observables.TestAllObservablesParametrized" name="test_observable_not_nan[m_u_MeV-spec40]" time="0.001" /><testcase classname="tests.unit.test_v21_all_observables.TestAllObservablesParametrized" name="test_observable_not_nan[m_d_MeV-spec41]" time="0.001" /><testcase classname="tests.unit.test_v21_all_observables.TestAllObservablesParametrized" name="test_observable_not_nan[m_s_MeV-spec42]" time="0.001" /><testcase classname="tests.unit.test_v21_all_observables.TestAllObservablesParametrized" name="test_observable_not_nan[m_c_MeV-spec43]" time="0.001" /><testcase classname="tests.unit.test_v21_all_observables.TestAllObservablesParametrized" name="test_observable_not_nan[m_b_MeV-spec44]" time="0.001" /><testcase classname="tests.unit.test_v21_all_observables.TestAllObservablesParametrized" name="test_observable_not_nan[m_t_GeV-spec45]" time="0.001" /><testcase classname="tests.unit.test_v21_all_observables.TestAllObservablesParametrized" name="test_observable_not_nan[H0-spec46]" time="0.001" /><testcase classname="tests.unit.test_v21_all_observables.TestAllObservablesParametrized" name="test_observable_within_deviation[alpha_inv_MZ-spec0]" time="0.001" /><testcase classname="tests.unit.test_v21_all_observables.TestAllObservablesParametrized" name="test_observable_within_deviation[sin2thetaW-spec1]" time="0.001" /><testcase classname="tests.unit.test_v21_all_observables.TestAllObservablesParametrized" name="test_observable_within_deviation[alpha_s_MZ-spec2]" time="0.001" /><testcase classname="tests.unit.test_v21_all_observables.TestAllObservablesParametrized" name="test_observable_within_deviation[theta12-spec3]" time="0.001" /><testcase classname="tests.unit.test_v21_all_observables.TestAllObservablesParametrized" name="test_observable_within_deviation[theta13-spec4]" time="0.001" /><testcase classname="tests.unit.test_v21_all_observables.TestAllObservablesParametrized" name="test_observable_within_deviation[theta23-spec5]" time="0.001" /><testcase classname="tests.unit.test_v21_all_observables.TestAllObservablesParametrized" name="test_observable_within_deviation[delta_CP-spec6]" time="0.001" /><testcase classname="tests.unit.test_v21_all_observables.TestAllObservablesParametrized" name="test_observable_within_deviation[Q_Koide-spec7]" time="0.001" /><testcase classname="tests.unit.test_v21_all_observables.TestAllObservablesParametrized" name="test_observable_within_deviation[m_mu_m_e-spec8]" time="0.001" /><testcase classname="tests.unit.test_v21_all_observables.TestAllObservablesParametrized" name="test_observable_within_deviation[m_tau_m_e-spec9]" time="0.001" /><testcase classname="tests.unit.test_v21_all_observables.TestAllObservablesParametrized" name="test_observable_within_deviation[m_s_m_d-spec10]" time="0.001" /><testcase classname="tests.unit.test_v21_all_observables.TestAllObservablesParametrized" name="test_observable_within_deviation[m_c_m_s-spec11]" time="0.001" /><testcase classname="tests.unit.test_v21_all_observables.TestAllObservablesParametrized" name="test_observable_within_deviation[m_b_m_u-spec12]" time="0.001" /><testcase classname="tests.unit.test_v21_all_observables.TestAllObservablesParametrized" name="test_observable_within_deviation[m_t_m_b-spec13]" time="0.001" /><testcase classname="tests.unit.test_v21_all_observables.TestAllObservablesParametrized" name="test_observable_within_deviation[m_d_m_u-spec14]" time="0.001" /><testcase classname="tests.unit.test_v21_all_observables.TestAllObservablesParametrized" name="test_observable_within_deviation[m_c_m_u-spec15]" time="0.001" /><testcase classname="tests.unit.test_v21_all_observables.TestAllObservablesParametrized" name="test_observable_within_deviation[m_b_m_d-spec16]" time="0.001" /><testcase classname="tests.unit.test_v21_all_observables.TestAllObservablesParametrized" name="test_observable_within_deviation[m_t_m_s-spec17]" time="0.001" /><testcase classname="tests.unit.test_v21_all_observables.TestAllObservablesParametrized" name="test_observable_within_deviation[m_t_m_d-spec18]" time="0.001" /><testcase classname="tests.unit.test_v21_all_observables.TestAllObservablesParametrized" name="test_observable_within_deviation[m_t_m_c-spec19]" time="0.001" /><testcase classname="tests.unit.test_v21_all_observables.TestAllObservablesParametrized" name="test_observable_within_deviation[V_us-spec20]" time="0.001" /><testcase classname="tests.unit.test_v21_all_observables.TestAllObservablesParametrized" name="test_observable_within_deviation[V_cb-spec21]" time="0.001"><failure message="AssertionError: V_cb: 7.443% deviation exceeds max 5.0%&#10;assert np.float64(7.44257885619553) &lt;= 5.0">tests/unit/test_v21_all_observables.py:583: in test_observable_within_deviation
    assert deviation &lt;= max_dev, \
E   AssertionError: V_cb: 7.443% deviation exceeds max 5.0%
E   assert np.float64(7.44257885619553) &lt;= 5.0</failure></testcase><testcase classname="tests.unit.test_v21_all_observables.TestAllObservablesParametrized" name="test_observable_within_deviation[V_ub-spec22]" time="0.001"><failure message="AssertionError: V_ub: 17.208% deviation exceeds max 10.0%&#10;assert np.float64(17.207929536882812) &lt;= 10.0">tests/unit/test_v21_all_observables.py:583: in test_observable_within_deviation
    assert deviation &lt;= max_dev, \
E   AssertionError: V_ub: 17.208% deviation exceeds max 10.0%
E   assert np.float64(17.207929536882812) &lt;= 10.0</failure></testcase><testcase classname="tests.unit.test_v21_all_observables.TestAllObservablesParametrized" name="test_observable_within_deviation[V_cd-spec23]" time="0.001" /><testcase classname="tests.unit.test_v21_all_observables.TestAllObservablesParametrized" name="test_observable_within_deviation[V_cs-spec24]" time="0.001"><failure message="AssertionError: V_cs: 2.087% deviation exceeds max 2.0%&#10;assert np.float64(2.0872140230214478) &lt;= 2.0">tests/unit/test_v21_all_observables.py:583: in test_observable_within_deviation
    assert deviation &lt;= max_dev, \
E   AssertionError: V_cs: 2.087% deviation exceeds max 2.0%
E   assert np.float64(2.0872140230214478) &lt;= 2.0</failure></testcase><testcase classname="tests.unit.test_v21_all_observables.TestAllObservablesParametrized" name="test_observable_within_deviation[V_td-spec25]" time="0.001"><failure message="AssertionError: V_td: 13.977% deviation exceeds max 10.0%&#10;assert np.float64(13.976562746001314) &lt;= 10.0">tests/unit/test_v21_all_observables.py:583: in test_observable_within_deviation
    assert deviation &lt;= max_dev, \
E   AssertionError: V_td: 13.977% deviation exceeds max 10.0%
E   assert np.float64(13.976562746001314) &lt;= 10.0</failure></testcase><testcase classname="tests.unit.test_v21_all_observables.TestAllObservablesParametrized" name="test_observable_within_deviation[lambda_H-spec26]" time="0.001" /><testcase classname="tests.unit.test_v21_all_observables.TestAllObservablesParametrized" name="test_observable_within_deviation[Omega_DE-spec27]" time="0.001" /><testcase classname="tests.unit.test_v21_all_observables.TestAllObservablesParametrized" name="test_observable_within_deviation[Omega_DM-spec28]" time="0.002" /><testcase classname="tests.unit.test_v21_all_observables.TestAllObservablesParametrized" name="test_observable_within_deviation[Omega_b-spec29]" time="0.001" /><testcase classname="tests.unit.test_v21_all_observables.TestAllObservablesParametrized" name="test_observable_within_deviation[n_s-spec30]" time="0.001" /><testcase classname="tests.unit.test_v21_all_observables.TestAllObservablesParametrized" name="test_observable_within_deviation[sigma_8-spec31]" time="0.001" /><testcase classname="tests.unit.test_v21_all_observables.TestAllObservablesParametrized" name="test_observable_within_deviation[A_s-spec32]" time="0.001" /><testcase classname="tests.unit.test_v21_all_observables.TestAllObservablesParametrized" name="test_observable_within_deviation[Omega_gamma-spec33]" time="0.001" /><testcase classname="tests.unit.test_v21_all_observables.TestAllObservablesParametrized" name="test_observable_within_deviation[Omega_nu-spec34]" time="0.001" /><testcase classname="tests.unit.test_v21_all_observables.TestAllObservablesParametrized" name="test_observable_within_deviation[Y_p-spec35]" time="0.001" /><testcase classname="tests.unit.test_v21_all_observables.TestAllObservablesParametrized" name="test_observable_within_deviation[D_H-spec36]" time="0.002" /><testcase classname="tests.unit.test_v21_all_observables.TestAllObservablesParametrized" name="test_observable_within_deviation[v_EW-spec37]" time="0.001" /><testcase classname="tests.unit.test_v21_all_observables.TestAllObservablesParametrized" name="test_observable_within_deviation[M_W-spec38]" time="0.001" /><testcase classname="tests.unit.test_v21_all_observables.TestAllObservablesParametrized" name="test_observable_within_deviation[M_Z-spec39]" time="0.001" /><testcase classname="tests.unit.test_v21_all_observables.TestAllObservablesParametrized" name="test_observable_within_deviation[m_u_MeV-spec40]" time="0.001" /><testcase classname="tests.unit.test_v21_all_observables.TestAllObservablesParametrized" name="test_observable_within_deviation[m_d_MeV-spec41]" time="0.001" /><testcase classname="tests.unit.test_v21_all_observables.TestAllObservablesParametrized" name="test_observable_within_deviation[m_s_MeV-spec42]" time="0.001" /><testcase classname="tests.unit.test_v21_all_observables.TestAllObservablesParametrized" name="test_observable_within_deviation[m_c_MeV-spec43]" time="0.001" /><testcase classname="tests.unit.test_v21_all_observables.TestAllObservablesParametrized" name="test_observable_within_deviation[m_b_MeV-spec44]" time="0.001" /><testcase classname="tests.unit.test_v21_all_observables.TestAllObservablesParametrized" name="test_observable_within_deviation[m_t_GeV-spec45]" time="0.001" /><testcase classname="tests.unit.test_v21_all_observables.TestAllObservablesParametrized" name="test_observable_within_deviation[H0-spec46]" time="0.002" /><testcase classname="tests.unit.test_v21_all_observables.TestProvenExactRelations" name="test_Q_Koide_exact" time="0.001" /><testcase classname="tests.unit.test_v21_all_observables.TestProvenExactRelations" name="test_m_s_m_d_exact" time="0.001" /><testcase classname="tests.unit.test_v21_all_observables.TestProvenExactRelations" name="test_delta_CP_exact" time="0.001" /><testcase classname="tests.unit.test_v21_all_observables.TestProvenExactRelations" name="test_m_tau_m_e_exact" time="0.001" /><testcase classname="tests.unit.test_v21_all_observables.TestProvenExactRelations" name="test_lambda_H_exact" time="0.001" /><testcase classname="tests.unit.test_v21_all_observables.TestProvenExactRelations" name="test_Omega_DE_exact" time="0.001" /><testcase classname="tests.unit.test_v21_all_observables.TestProvenExactRelations" name="test_alpha_inv_formula" time="0.001" /><testcase classname="tests.unit.test_v21_all_observables.TestProvenExactRelations" name="test_alpha_s_formula" time="0.001" /><testcase classname="tests.unit.test_v21_all_observables.TestProvenExactRelations" name="test_N_gen_exact" time="0.001" /><testcase classname="tests.unit.test_v21_all_observables.TestGaugeSector" name="test_all_gauge_observables_positive" time="0.001" /><testcase classname="tests.unit.test_v21_all_observables.TestGaugeSector" name="test_sin2thetaW_range" time="0.001" /><testcase classname="tests.unit.test_v21_all_observables.TestNeutrinoSector" name="test_mixing_angles_range" time="0.001" /><testcase classname="tests.unit.test_v21_all_observables.TestNeutrinoSector" name="test_delta_CP_range" time="0.001" /><testcase classname="tests.unit.test_v21_all_observables.TestLeptonSector" name="test_mass_ratios_positive" time="0.113" /><testcase classname="tests.unit.test_v21_all_observables.TestLeptonSector" name="test_Q_Koide_physical_range" time="0.001" /><testcase classname="tests.unit.test_v21_all_observables.TestCKMSector" name="test_CKM_elements_range" time="0.001" /><testcase classname="tests.unit.test_v21_all_observables.TestCosmologySector" name="test_density_fractions_positive" time="0.001" /><testcase classname="tests.unit.test_v21_all_observables.TestCosmologySector" name="test_n_s_near_unity" time="0.001" /><testcase classname="tests.unit.test_v21_all_observables.TestNumericalStability" name="test_reproducibility" time="0.001" /><testcase classname="tests.unit.test_v21_all_observables.TestNumericalStability" name="test_no_nan_values" time="0.001" /><testcase classname="tests.unit.test_v21_all_observables.TestNumericalStability" name="test_no_inf_values" time="0.001" /><testcase classname="tests.unit.test_v21_all_observables.TestNumericalStability" name="test_all_numeric" time="0.001" /><testcase classname="tests.unit.test_v21_all_observables.TestExperimentalComparison" name="test_mean_deviation_under_threshold" time="0.001" /><testcase classname="tests.unit.test_v21_all_observables.TestExperimentalComparison" name="test_no_catastrophic_failures" time="0.001" /><testcase classname="tests.unit.test_v21_all_observables.TestExperimentalComparison" name="test_proven_relations_precise" time="0.001" /><testcase classname="tests.unit.test_v21_all_observables.TestFrameworkV21Functionality" name="test_framework_instantiation" time="0.001" /><testcase classname="tests.unit.test_v21_all_observables.TestFrameworkV21Functionality" name="test_params_accessible" time="0.001" /><testcase classname="tests.unit.test_v21_all_observables.TestFrameworkV21Functionality" name="test_default_params_correct" time="0.001" /><testcase classname="tests.unit.test_v21_all_observables.TestFrameworkV21Functionality" name="test_compute_method_exists" time="0.001" /></testsuite></testsuites>